[0.032s] Invoking command in '/home/chovy/workspace-udemy/pcl-exercise/build/turtlebot3_gazebo': CMAKE_PREFIX_PATH=${CMAKE_PREFIX_PATH}:/opt/ros/humble /usr/bin/cmake /home/chovy/workspace-udemy/pcl-exercise/src/turtlebot3_gazebo -DCMAKE_INSTALL_PREFIX=/home/chovy/workspace-udemy/pcl-exercise/install/turtlebot3_gazebo
[0.063s] -- Found ament_cmake: 1.3.10 (/opt/ros/humble/share/ament_cmake/cmake)
[0.330s] -- Found Python3: /usr/bin/python3 (found version "3.10.12") found components: Interpreter 
[0.510s] [33mCMake Warning (dev) at /usr/share/cmake-3.22/Modules/FindPackageHandleStandardArgs.cmake:438 (message):
[0.510s]   The package name passed to `find_package_handle_standard_args` (PkgConfig)
[0.510s]   does not match the name of the calling package (gazebo).  This can lead to
[0.511s]   problems in calling code that expects `find_package` result variables
[0.511s]   (e.g., `_FOUND`) to follow a certain pattern.
[0.511s] Call Stack (most recent call first):
[0.511s]   /usr/share/cmake-3.22/Modules/FindPkgConfig.cmake:99 (find_package_handle_standard_args)
[0.511s]   /usr/lib/x86_64-linux-gnu/cmake/gazebo/gazebo-config.cmake:72 (include)
[0.511s]   CMakeLists.txt:23 (find_package)
[0.511s] This warning is for project developers.  Use -Wno-dev to suppress it.
[0.511s] [0m
[0.511s] -- Found PkgConfig: /usr/bin/pkg-config (found version "0.29.2") 
[0.518s] -- Checking for module 'bullet>=2.82'
[0.541s] --   Found bullet, version 3.05
[0.699s] -- Found fcl: /usr/include (found suitable version "0.7.0", minimum required is "0.5.0") 
[0.776s] -- Found assimp: /usr/include (found version "5.2.0") 
[0.821s] -- Found DART: /usr/include (Required is at least version "6.6") found components: dart 
[1.159s] -- Found Boost: /usr/lib/x86_64-linux-gnu/cmake/Boost-1.74.0/BoostConfig.cmake (found suitable version "1.74.0", minimum required is "1.40.0") found components: thread system filesystem program_options regex iostreams date_time 
[1.196s] -- Found Protobuf: /usr/lib/x86_64-linux-gnu/libprotobuf.so (found version "3.12.4") 
[1.207s] -- Looking for ignition-math6 -- found version 6.15.1
[1.223s] -- Searching for dependencies of ignition-math6
[1.227s] -- Looking for OGRE...
[1.228s] -- OGRE_PREFIX_WATCH changed.
[1.234s] -- Checking for module 'OGRE'
[1.254s] --   Found OGRE, version 1.9.0
[1.304s] -- Found Ogre Ghadamon (1.9.0)
[1.315s] -- Found OGRE: optimized;/usr/lib/x86_64-linux-gnu/libOgreMain.so;debug;/usr/lib/x86_64-linux-gnu/libOgreMain.so
[1.326s] -- Looking for OGRE_Paging...
[1.332s] -- Found OGRE_Paging: optimized;/usr/lib/x86_64-linux-gnu/libOgrePaging.so;debug;/usr/lib/x86_64-linux-gnu/libOgrePaging.so
[1.332s] -- Looking for OGRE_Terrain...
[1.341s] -- Found OGRE_Terrain: optimized;/usr/lib/x86_64-linux-gnu/libOgreTerrain.so;debug;/usr/lib/x86_64-linux-gnu/libOgreTerrain.so
[1.341s] -- Looking for OGRE_Property...
[1.348s] -- Found OGRE_Property: optimized;/usr/lib/x86_64-linux-gnu/libOgreProperty.so;debug;/usr/lib/x86_64-linux-gnu/libOgreProperty.so
[1.348s] -- Looking for OGRE_RTShaderSystem...
[1.356s] -- Found OGRE_RTShaderSystem: optimized;/usr/lib/x86_64-linux-gnu/libOgreRTShaderSystem.so;debug;/usr/lib/x86_64-linux-gnu/libOgreRTShaderSystem.so
[1.356s] -- Looking for OGRE_Volume...
[1.363s] -- Found OGRE_Volume: optimized;/usr/lib/x86_64-linux-gnu/libOgreVolume.so;debug;/usr/lib/x86_64-linux-gnu/libOgreVolume.so
[1.363s] -- Looking for OGRE_Overlay...
[1.367s] -- Found OGRE_Overlay: optimized;/usr/lib/x86_64-linux-gnu/libOgreOverlay.so;debug;/usr/lib/x86_64-linux-gnu/libOgreOverlay.so
[1.492s] -- Looking for ignition-math6 -- found version 6.15.1
[1.496s] -- Looking for ignition-transport8 -- found version 8.2.1
[1.497s] -- Searching for dependencies of ignition-transport8
[1.519s] -- Found Protobuf: /usr/lib/x86_64-linux-gnu/libprotobuf.so (found suitable version "3.12.4", minimum required is "3") 
[1.531s] -- Config-file not installed for ZeroMQ -- checking for pkg-config
[1.540s] -- Checking for module 'libzmq >= 4'
[1.566s] --   Found libzmq , version 4.3.4
[1.618s] -- Found ZeroMQ: TRUE (Required is at least version "4") 
[1.626s] -- Checking for module 'uuid'
[1.643s] --   Found uuid, version 2.37.2
[1.694s] -- Found UUID: TRUE  
[1.701s] -- Looking for ignition-msgs5 -- found version 5.8.1
[1.702s] -- Searching for dependencies of ignition-msgs5
[1.723s] -- Looking for ignition-math6 -- found version 6.15.1
[1.731s] -- Checking for module 'tinyxml2'
[1.752s] --   Found tinyxml2, version 9.0.0
[1.804s] -- Looking for ignition-msgs5 -- found version 5.8.1
[1.810s] -- Looking for ignition-common3 -- found version 3.14.0
[1.810s] -- Searching for dependencies of ignition-common3
[1.810s] -- Looking for dlfcn.h - found
[1.812s] -- Looking for libdl - found
[1.815s] -- Found DL: TRUE  
[1.828s] -- Found tinyobjloader: /usr/lib/x86_64-linux-gnu/cmake/tinyobjloader/tinyobjloader-config.cmake (found version "2.0.0") 
[1.830s] -- Searching for <ignition-common3> component [graphics]
[1.836s] -- Looking for ignition-common3-graphics -- found version 3.14.0
[1.836s] -- Searching for dependencies of ignition-common3-graphics
[1.836s] -- Looking for ignition-math6 -- found version 6.15.1
[1.844s] -- Looking for ignition-fuel_tools4 -- found version 4.4.0
[1.844s] -- Searching for dependencies of ignition-fuel_tools4
[1.990s] -- Found CURL: /usr/lib/x86_64-linux-gnu/libcurl.so (found version "7.81.0")  
[2.003s] -- Checking for module 'jsoncpp'
[2.025s] --   Found jsoncpp, version 1.9.5
[2.074s] -- Found JSONCPP: TRUE  
[2.086s] -- Checking for module 'libzip'
[2.104s] --   Found libzip, version 1.7.3
[2.152s] -- Found ZIP: TRUE  
[2.154s] -- Looking for ignition-common3 -- found version 3.14.0
[2.154s] -- Looking for ignition-math6 -- found version 6.15.1
[2.155s] -- Looking for ignition-msgs5 -- found version 5.8.1
[2.166s] -- Found gazebo_ros_pkgs: 3.7.0 (/opt/ros/humble/share/gazebo_ros_pkgs/cmake)
[2.168s] -- Found geometry_msgs: 4.2.4 (/opt/ros/humble/share/geometry_msgs/cmake)
[2.244s] -- Found rosidl_generator_c: 3.1.5 (/opt/ros/humble/share/rosidl_generator_c/cmake)
[2.256s] -- Found rosidl_adapter: 3.1.5 (/opt/ros/humble/share/rosidl_adapter/cmake)
[2.274s] -- Found rosidl_generator_cpp: 3.1.5 (/opt/ros/humble/share/rosidl_generator_cpp/cmake)
[2.307s] -- Using all available rosidl_typesupport_c: rosidl_typesupport_fastrtps_c;rosidl_typesupport_introspection_c
[2.338s] -- Using all available rosidl_typesupport_cpp: rosidl_typesupport_fastrtps_cpp;rosidl_typesupport_introspection_cpp
[2.423s] -- Found nav_msgs: 4.2.4 (/opt/ros/humble/share/nav_msgs/cmake)
[2.463s] -- Found rclcpp: 16.0.10 (/opt/ros/humble/share/rclcpp/cmake)
[2.551s] -- Found rmw_implementation_cmake: 6.1.2 (/opt/ros/humble/share/rmw_implementation_cmake/cmake)
[2.558s] -- Found rmw_fastrtps_cpp: 6.2.7 (/opt/ros/humble/share/rmw_fastrtps_cpp/cmake)
[2.709s] -- Found OpenSSL: /usr/lib/x86_64-linux-gnu/libcrypto.so (found version "3.0.2")  
[2.740s] -- Found FastRTPS: /opt/ros/humble/include  
[2.794s] -- Using RMW implementation 'rmw_fastrtps_cpp' as default
[2.813s] -- Found Threads: TRUE  
[2.892s] -- Found sensor_msgs: 4.2.4 (/opt/ros/humble/share/sensor_msgs/cmake)
[2.934s] -- Found tf2: 0.25.7 (/opt/ros/humble/share/tf2/cmake)
[3.040s] -- Configuring done
[3.101s] -- Generating done
[3.104s] -- Build files have been written to: /home/chovy/workspace-udemy/pcl-exercise/build/turtlebot3_gazebo
[3.121s] Invoked command in '/home/chovy/workspace-udemy/pcl-exercise/build/turtlebot3_gazebo' returned '0': CMAKE_PREFIX_PATH=${CMAKE_PREFIX_PATH}:/opt/ros/humble /usr/bin/cmake /home/chovy/workspace-udemy/pcl-exercise/src/turtlebot3_gazebo -DCMAKE_INSTALL_PREFIX=/home/chovy/workspace-udemy/pcl-exercise/install/turtlebot3_gazebo
[3.122s] Invoking command in '/home/chovy/workspace-udemy/pcl-exercise/build/turtlebot3_gazebo': CMAKE_PREFIX_PATH=${CMAKE_PREFIX_PATH}:/opt/ros/humble /usr/bin/cmake --build /home/chovy/workspace-udemy/pcl-exercise/build/turtlebot3_gazebo -- -j4 -l4
[3.204s] [ 37%] [32mBuilding CXX object CMakeFiles/obstacle2.dir/models/turtlebot3_dqn_world/obstacle_plugin/obstacle2.cc.o[0m
[3.204s] [ 50%] [32mBuilding CXX object CMakeFiles/obstacles.dir/models/turtlebot3_dqn_world/obstacle_plugin/obstacles.cc.o[0m
[3.204s] [ 50%] [32mBuilding CXX object CMakeFiles/obstacle1.dir/models/turtlebot3_dqn_world/obstacle_plugin/obstacle1.cc.o[0m
[3.204s] [ 50%] [32mBuilding CXX object CMakeFiles/turtlebot3_drive.dir/src/turtlebot3_drive.cpp.o[0m
[36.796s] [ 75%] [32m[1mLinking CXX shared library libobstacles.so[0m
[36.818s] [ 75%] [32m[1mLinking CXX shared library libobstacle1.so[0m
[37.422s] [ 75%] Built target obstacles
[37.433s] [ 75%] Built target obstacle1
[42.945s] [ 87%] [32m[1mLinking CXX shared library libobstacle2.so[0m
[43.298s] [ 87%] Built target obstacle2
[57.368s] [100%] [32m[1mLinking CXX executable turtlebot3_drive[0m
[58.246s] [100%] Built target turtlebot3_drive
[58.595s] Invoked command in '/home/chovy/workspace-udemy/pcl-exercise/build/turtlebot3_gazebo' returned '0': CMAKE_PREFIX_PATH=${CMAKE_PREFIX_PATH}:/opt/ros/humble /usr/bin/cmake --build /home/chovy/workspace-udemy/pcl-exercise/build/turtlebot3_gazebo -- -j4 -l4
[58.781s] Invoking command in '/home/chovy/workspace-udemy/pcl-exercise/build/turtlebot3_gazebo': CMAKE_PREFIX_PATH=${CMAKE_PREFIX_PATH}:/opt/ros/humble /usr/bin/cmake --install /home/chovy/workspace-udemy/pcl-exercise/build/turtlebot3_gazebo
[58.804s] -- Install configuration: ""
[58.804s] -- Installing: /home/chovy/workspace-udemy/pcl-exercise/install/turtlebot3_gazebo/lib/turtlebot3_gazebo/turtlebot3_drive
[58.808s] -- Set runtime path of "/home/chovy/workspace-udemy/pcl-exercise/install/turtlebot3_gazebo/lib/turtlebot3_gazebo/turtlebot3_drive" to ""
[58.809s] -- Installing: /home/chovy/workspace-udemy/pcl-exercise/install/turtlebot3_gazebo/share/turtlebot3_gazebo//launch
[58.810s] -- Installing: /home/chovy/workspace-udemy/pcl-exercise/install/turtlebot3_gazebo/share/turtlebot3_gazebo//launch/spawn_turtlebot3.launch.py
[58.811s] -- Installing: /home/chovy/workspace-udemy/pcl-exercise/install/turtlebot3_gazebo/share/turtlebot3_gazebo//launch/turtlebot3_world.launch.py
[58.812s] -- Installing: /home/chovy/workspace-udemy/pcl-exercise/install/turtlebot3_gazebo/share/turtlebot3_gazebo//launch/empty_world.launch.py
[58.812s] -- Installing: /home/chovy/workspace-udemy/pcl-exercise/install/turtlebot3_gazebo/share/turtlebot3_gazebo//launch/turtlebot3_dqn_stage3.launch.py
[58.813s] -- Installing: /home/chovy/workspace-udemy/pcl-exercise/install/turtlebot3_gazebo/share/turtlebot3_gazebo//launch/turtlebot3_dqn_stage1.launch.py
[58.814s] -- Installing: /home/chovy/workspace-udemy/pcl-exercise/install/turtlebot3_gazebo/share/turtlebot3_gazebo//launch/turtlebot3_dqn_stage2.launch.py
[58.814s] -- Installing: /home/chovy/workspace-udemy/pcl-exercise/install/turtlebot3_gazebo/share/turtlebot3_gazebo//launch/turtlebot3_dqn_stage4.launch.py
[58.814s] -- Installing: /home/chovy/workspace-udemy/pcl-exercise/install/turtlebot3_gazebo/share/turtlebot3_gazebo//launch/turtlebot3_house.launch.py
[58.815s] -- Installing: /home/chovy/workspace-udemy/pcl-exercise/install/turtlebot3_gazebo/share/turtlebot3_gazebo//launch/robot_state_publisher.launch.py
[58.816s] -- Installing: /home/chovy/workspace-udemy/pcl-exercise/install/turtlebot3_gazebo/share/turtlebot3_gazebo//models
[58.816s] -- Installing: /home/chovy/workspace-udemy/pcl-exercise/install/turtlebot3_gazebo/share/turtlebot3_gazebo//models/turtlebot3_waffle_pi
[58.816s] -- Installing: /home/chovy/workspace-udemy/pcl-exercise/install/turtlebot3_gazebo/share/turtlebot3_gazebo//models/turtlebot3_waffle_pi/model.config
[58.817s] -- Installing: /home/chovy/workspace-udemy/pcl-exercise/install/turtlebot3_gazebo/share/turtlebot3_gazebo//models/turtlebot3_waffle_pi/model-1_4_.sdf
[58.818s] -- Installing: /home/chovy/workspace-udemy/pcl-exercise/install/turtlebot3_gazebo/share/turtlebot3_gazebo//models/turtlebot3_waffle_pi/model.sdf
[58.819s] -- Installing: /home/chovy/workspace-udemy/pcl-exercise/install/turtlebot3_gazebo/share/turtlebot3_gazebo//models/turtlebot3_common
[58.820s] -- Installing: /home/chovy/workspace-udemy/pcl-exercise/install/turtlebot3_gazebo/share/turtlebot3_gazebo//models/turtlebot3_common/model.config
[58.821s] -- Installing: /home/chovy/workspace-udemy/pcl-exercise/install/turtlebot3_gazebo/share/turtlebot3_gazebo//models/turtlebot3_common/meshes
[58.822s] -- Installing: /home/chovy/workspace-udemy/pcl-exercise/install/turtlebot3_gazebo/share/turtlebot3_gazebo//models/turtlebot3_common/meshes/waffle_pi_base.dae
[58.823s] -- Installing: /home/chovy/workspace-udemy/pcl-exercise/install/turtlebot3_gazebo/share/turtlebot3_gazebo//models/turtlebot3_common/meshes/r200.dae
[58.825s] -- Installing: /home/chovy/workspace-udemy/pcl-exercise/install/turtlebot3_gazebo/share/turtlebot3_gazebo//models/turtlebot3_common/meshes/waffle_base.dae
[58.826s] -- Installing: /home/chovy/workspace-udemy/pcl-exercise/install/turtlebot3_gazebo/share/turtlebot3_gazebo//models/turtlebot3_common/meshes/lds.dae
[58.827s] -- Installing: /home/chovy/workspace-udemy/pcl-exercise/install/turtlebot3_gazebo/share/turtlebot3_gazebo//models/turtlebot3_common/meshes/burger_base.dae
[58.828s] -- Installing: /home/chovy/workspace-udemy/pcl-exercise/install/turtlebot3_gazebo/share/turtlebot3_gazebo//models/turtlebot3_common/meshes/tire.dae
[58.829s] -- Installing: /home/chovy/workspace-udemy/pcl-exercise/install/turtlebot3_gazebo/share/turtlebot3_gazebo//models/turtlebot3_dqn_world
[58.830s] -- Installing: /home/chovy/workspace-udemy/pcl-exercise/install/turtlebot3_gazebo/share/turtlebot3_gazebo//models/turtlebot3_dqn_world/goal_box
[58.831s] -- Installing: /home/chovy/workspace-udemy/pcl-exercise/install/turtlebot3_gazebo/share/turtlebot3_gazebo//models/turtlebot3_dqn_world/goal_box/model.config
[58.832s] -- Installing: /home/chovy/workspace-udemy/pcl-exercise/install/turtlebot3_gazebo/share/turtlebot3_gazebo//models/turtlebot3_dqn_world/goal_box/model.sdf
[58.833s] -- Installing: /home/chovy/workspace-udemy/pcl-exercise/install/turtlebot3_gazebo/share/turtlebot3_gazebo//models/turtlebot3_dqn_world/model.config
[58.833s] -- Installing: /home/chovy/workspace-udemy/pcl-exercise/install/turtlebot3_gazebo/share/turtlebot3_gazebo//models/turtlebot3_dqn_world/obstacle1
[58.834s] -- Installing: /home/chovy/workspace-udemy/pcl-exercise/install/turtlebot3_gazebo/share/turtlebot3_gazebo//models/turtlebot3_dqn_world/obstacle1/model.config
[58.835s] -- Installing: /home/chovy/workspace-udemy/pcl-exercise/install/turtlebot3_gazebo/share/turtlebot3_gazebo//models/turtlebot3_dqn_world/obstacle1/model.sdf
[58.836s] -- Installing: /home/chovy/workspace-udemy/pcl-exercise/install/turtlebot3_gazebo/share/turtlebot3_gazebo//models/turtlebot3_dqn_world/obstacle_plugin
[58.836s] -- Installing: /home/chovy/workspace-udemy/pcl-exercise/install/turtlebot3_gazebo/share/turtlebot3_gazebo//models/turtlebot3_dqn_world/obstacle_plugin/obstacle2.cc
[58.837s] -- Installing: /home/chovy/workspace-udemy/pcl-exercise/install/turtlebot3_gazebo/share/turtlebot3_gazebo//models/turtlebot3_dqn_world/obstacle_plugin/obstacle1.cc
[58.838s] -- Installing: /home/chovy/workspace-udemy/pcl-exercise/install/turtlebot3_gazebo/share/turtlebot3_gazebo//models/turtlebot3_dqn_world/obstacle_plugin/CMakeLists.txt
[58.839s] -- Installing: /home/chovy/workspace-udemy/pcl-exercise/install/turtlebot3_gazebo/share/turtlebot3_gazebo//models/turtlebot3_dqn_world/obstacle_plugin/obstacles.cc
[58.839s] -- Installing: /home/chovy/workspace-udemy/pcl-exercise/install/turtlebot3_gazebo/share/turtlebot3_gazebo//models/turtlebot3_dqn_world/obstacle2
[58.840s] -- Installing: /home/chovy/workspace-udemy/pcl-exercise/install/turtlebot3_gazebo/share/turtlebot3_gazebo//models/turtlebot3_dqn_world/obstacle2/model.config
[58.840s] -- Installing: /home/chovy/workspace-udemy/pcl-exercise/install/turtlebot3_gazebo/share/turtlebot3_gazebo//models/turtlebot3_dqn_world/obstacle2/model.sdf
[58.841s] -- Installing: /home/chovy/workspace-udemy/pcl-exercise/install/turtlebot3_gazebo/share/turtlebot3_gazebo//models/turtlebot3_dqn_world/inner_walls
[58.842s] -- Installing: /home/chovy/workspace-udemy/pcl-exercise/install/turtlebot3_gazebo/share/turtlebot3_gazebo//models/turtlebot3_dqn_world/inner_walls/model.config
[58.842s] -- Installing: /home/chovy/workspace-udemy/pcl-exercise/install/turtlebot3_gazebo/share/turtlebot3_gazebo//models/turtlebot3_dqn_world/inner_walls/model.sdf
[58.843s] -- Installing: /home/chovy/workspace-udemy/pcl-exercise/install/turtlebot3_gazebo/share/turtlebot3_gazebo//models/turtlebot3_dqn_world/model.sdf
[58.843s] -- Installing: /home/chovy/workspace-udemy/pcl-exercise/install/turtlebot3_gazebo/share/turtlebot3_gazebo//models/turtlebot3_dqn_world/obstacles
[58.844s] -- Installing: /home/chovy/workspace-udemy/pcl-exercise/install/turtlebot3_gazebo/share/turtlebot3_gazebo//models/turtlebot3_dqn_world/obstacles/model.config
[58.845s] -- Installing: /home/chovy/workspace-udemy/pcl-exercise/install/turtlebot3_gazebo/share/turtlebot3_gazebo//models/turtlebot3_dqn_world/obstacles/model.sdf
[58.846s] -- Installing: /home/chovy/workspace-udemy/pcl-exercise/install/turtlebot3_gazebo/share/turtlebot3_gazebo//models/turtlebot3_waffle
[58.847s] -- Installing: /home/chovy/workspace-udemy/pcl-exercise/install/turtlebot3_gazebo/share/turtlebot3_gazebo//models/turtlebot3_waffle/model.config
[58.847s] -- Installing: /home/chovy/workspace-udemy/pcl-exercise/install/turtlebot3_gazebo/share/turtlebot3_gazebo//models/turtlebot3_waffle/model.sdf
[58.848s] -- Installing: /home/chovy/workspace-udemy/pcl-exercise/install/turtlebot3_gazebo/share/turtlebot3_gazebo//models/turtlebot3_waffle/model-1_4.sdf
[58.848s] -- Installing: /home/chovy/workspace-udemy/pcl-exercise/install/turtlebot3_gazebo/share/turtlebot3_gazebo//models/turtlebot3_house
[58.849s] -- Installing: /home/chovy/workspace-udemy/pcl-exercise/install/turtlebot3_gazebo/share/turtlebot3_gazebo//models/turtlebot3_house/model.config
[58.850s] -- Installing: /home/chovy/workspace-udemy/pcl-exercise/install/turtlebot3_gazebo/share/turtlebot3_gazebo//models/turtlebot3_house/model.sdf
[58.852s] -- Installing: /home/chovy/workspace-udemy/pcl-exercise/install/turtlebot3_gazebo/share/turtlebot3_gazebo//models/turtlebot3_burger
[58.853s] -- Installing: /home/chovy/workspace-udemy/pcl-exercise/install/turtlebot3_gazebo/share/turtlebot3_gazebo//models/turtlebot3_burger/model.config
[58.855s] -- Installing: /home/chovy/workspace-udemy/pcl-exercise/install/turtlebot3_gazebo/share/turtlebot3_gazebo//models/turtlebot3_burger/model.sdf
[58.855s] -- Installing: /home/chovy/workspace-udemy/pcl-exercise/install/turtlebot3_gazebo/share/turtlebot3_gazebo//models/turtlebot3_burger/model-1_4.sdf
[58.856s] -- Installing: /home/chovy/workspace-udemy/pcl-exercise/install/turtlebot3_gazebo/share/turtlebot3_gazebo//models/turtlebot3_world
[58.857s] -- Installing: /home/chovy/workspace-udemy/pcl-exercise/install/turtlebot3_gazebo/share/turtlebot3_gazebo//models/turtlebot3_world/model.config
[58.857s] -- Installing: /home/chovy/workspace-udemy/pcl-exercise/install/turtlebot3_gazebo/share/turtlebot3_gazebo//models/turtlebot3_world/meshes
[58.858s] -- Installing: /home/chovy/workspace-udemy/pcl-exercise/install/turtlebot3_gazebo/share/turtlebot3_gazebo//models/turtlebot3_world/meshes/wall.dae
[58.859s] -- Installing: /home/chovy/workspace-udemy/pcl-exercise/install/turtlebot3_gazebo/share/turtlebot3_gazebo//models/turtlebot3_world/meshes/hexagon.dae
[58.859s] -- Installing: /home/chovy/workspace-udemy/pcl-exercise/install/turtlebot3_gazebo/share/turtlebot3_gazebo//models/turtlebot3_world/model.sdf
[58.860s] -- Installing: /home/chovy/workspace-udemy/pcl-exercise/install/turtlebot3_gazebo/share/turtlebot3_gazebo//models/turtlebot3_world/model-1_4.sdf
[58.860s] -- Installing: /home/chovy/workspace-udemy/pcl-exercise/install/turtlebot3_gazebo/share/turtlebot3_gazebo//rviz
[58.861s] -- Installing: /home/chovy/workspace-udemy/pcl-exercise/install/turtlebot3_gazebo/share/turtlebot3_gazebo//rviz/tb3_gazebo.rviz
[58.861s] -- Installing: /home/chovy/workspace-udemy/pcl-exercise/install/turtlebot3_gazebo/share/turtlebot3_gazebo//urdf
[58.862s] -- Installing: /home/chovy/workspace-udemy/pcl-exercise/install/turtlebot3_gazebo/share/turtlebot3_gazebo//urdf/turtlebot3_waffle.urdf
[58.863s] -- Installing: /home/chovy/workspace-udemy/pcl-exercise/install/turtlebot3_gazebo/share/turtlebot3_gazebo//urdf/common_properties.urdf
[58.863s] -- Installing: /home/chovy/workspace-udemy/pcl-exercise/install/turtlebot3_gazebo/share/turtlebot3_gazebo//urdf/turtlebot3_burger.urdf
[58.864s] -- Installing: /home/chovy/workspace-udemy/pcl-exercise/install/turtlebot3_gazebo/share/turtlebot3_gazebo//urdf/turtlebot3_waffle_pi.urdf
[58.864s] -- Installing: /home/chovy/workspace-udemy/pcl-exercise/install/turtlebot3_gazebo/share/turtlebot3_gazebo//worlds
[58.865s] -- Installing: /home/chovy/workspace-udemy/pcl-exercise/install/turtlebot3_gazebo/share/turtlebot3_gazebo//worlds/turtlebot3_dqn_stage4.world
[58.866s] -- Installing: /home/chovy/workspace-udemy/pcl-exercise/install/turtlebot3_gazebo/share/turtlebot3_gazebo//worlds/turtlebot3_dqn_stage1.world
[58.866s] -- Installing: /home/chovy/workspace-udemy/pcl-exercise/install/turtlebot3_gazebo/share/turtlebot3_gazebo//worlds/turtlebot3_world.world
[58.867s] -- Installing: /home/chovy/workspace-udemy/pcl-exercise/install/turtlebot3_gazebo/share/turtlebot3_gazebo//worlds/turtlebot3_dqn_stage2.world
[58.867s] -- Installing: /home/chovy/workspace-udemy/pcl-exercise/install/turtlebot3_gazebo/share/turtlebot3_gazebo//worlds/turtlebot3_dqn_stage3.world
[58.868s] -- Installing: /home/chovy/workspace-udemy/pcl-exercise/install/turtlebot3_gazebo/share/turtlebot3_gazebo//worlds/empty_world.world
[58.868s] -- Installing: /home/chovy/workspace-udemy/pcl-exercise/install/turtlebot3_gazebo/share/turtlebot3_gazebo//worlds/turtlebot3_house.world
[58.868s] -- Installing: /home/chovy/workspace-udemy/pcl-exercise/install/turtlebot3_gazebo/include/
[58.869s] -- Installing: /home/chovy/workspace-udemy/pcl-exercise/install/turtlebot3_gazebo/include//turtlebot3_gazebo
[58.869s] -- Installing: /home/chovy/workspace-udemy/pcl-exercise/install/turtlebot3_gazebo/include//turtlebot3_gazebo/turtlebot3_drive.hpp
[58.872s] -- Installing: /home/chovy/workspace-udemy/pcl-exercise/install/turtlebot3_gazebo/share/ament_index/resource_index/package_run_dependencies/turtlebot3_gazebo
[58.874s] -- Installing: /home/chovy/workspace-udemy/pcl-exercise/install/turtlebot3_gazebo/share/ament_index/resource_index/parent_prefix_path/turtlebot3_gazebo
[58.880s] -- Installing: /home/chovy/workspace-udemy/pcl-exercise/install/turtlebot3_gazebo/share/turtlebot3_gazebo/environment/ament_prefix_path.sh
[58.881s] -- Installing: /home/chovy/workspace-udemy/pcl-exercise/install/turtlebot3_gazebo/share/turtlebot3_gazebo/environment/ament_prefix_path.dsv
[58.881s] -- Installing: /home/chovy/workspace-udemy/pcl-exercise/install/turtlebot3_gazebo/share/turtlebot3_gazebo/environment/path.sh
[58.882s] -- Installing: /home/chovy/workspace-udemy/pcl-exercise/install/turtlebot3_gazebo/share/turtlebot3_gazebo/environment/path.dsv
[58.883s] -- Installing: /home/chovy/workspace-udemy/pcl-exercise/install/turtlebot3_gazebo/share/turtlebot3_gazebo/local_setup.bash
[58.884s] -- Installing: /home/chovy/workspace-udemy/pcl-exercise/install/turtlebot3_gazebo/share/turtlebot3_gazebo/local_setup.sh
[58.884s] -- Installing: /home/chovy/workspace-udemy/pcl-exercise/install/turtlebot3_gazebo/share/turtlebot3_gazebo/local_setup.zsh
[58.885s] -- Installing: /home/chovy/workspace-udemy/pcl-exercise/install/turtlebot3_gazebo/share/turtlebot3_gazebo/local_setup.dsv
[58.886s] -- Installing: /home/chovy/workspace-udemy/pcl-exercise/install/turtlebot3_gazebo/share/turtlebot3_gazebo/package.dsv
[58.887s] -- Installing: /home/chovy/workspace-udemy/pcl-exercise/install/turtlebot3_gazebo/share/ament_index/resource_index/packages/turtlebot3_gazebo
[58.888s] -- Installing: /home/chovy/workspace-udemy/pcl-exercise/install/turtlebot3_gazebo/share/turtlebot3_gazebo/cmake/ament_cmake_export_include_directories-extras.cmake
[58.888s] -- Installing: /home/chovy/workspace-udemy/pcl-exercise/install/turtlebot3_gazebo/share/turtlebot3_gazebo/cmake/ament_cmake_export_dependencies-extras.cmake
[58.889s] -- Installing: /home/chovy/workspace-udemy/pcl-exercise/install/turtlebot3_gazebo/share/turtlebot3_gazebo/cmake/turtlebot3_gazeboConfig.cmake
[58.890s] -- Installing: /home/chovy/workspace-udemy/pcl-exercise/install/turtlebot3_gazebo/share/turtlebot3_gazebo/cmake/turtlebot3_gazeboConfig-version.cmake
[58.890s] -- Installing: /home/chovy/workspace-udemy/pcl-exercise/install/turtlebot3_gazebo/share/turtlebot3_gazebo/package.xml
[58.899s] Invoked command in '/home/chovy/workspace-udemy/pcl-exercise/build/turtlebot3_gazebo' returned '0': CMAKE_PREFIX_PATH=${CMAKE_PREFIX_PATH}:/opt/ros/humble /usr/bin/cmake --install /home/chovy/workspace-udemy/pcl-exercise/build/turtlebot3_gazebo
