[0.022s] Invoking command in '/home/chovy/workspace-udemy/pcl-exercise/build/point_cloud_processing': CMAKE_PREFIX_PATH=${CMAKE_PREFIX_PATH}:/opt/ros/humble /usr/bin/cmake --build /home/chovy/workspace-udemy/pcl-exercise/build/point_cloud_processing -- -j4 -l4
[0.053s] -- Found ament_cmake: 1.3.10 (/opt/ros/humble/share/ament_cmake/cmake)
[0.203s] -- Eigen found (include: /usr/include/eigen3, version: 3.4.0)
[0.254s] -- FLANN found (include: /usr/include, lib: /usr/lib/x86_64-linux-gnu/libflann_cpp.so)
[0.630s] -- OpenNI found (version: 1.5.4.0, include: /usr/include/ni, lib: /usr/lib/libOpenNI.so;libusb::libusb)
[0.638s] -- OpenNI2 found (version: 2.2.0.33, include: /usr/include/openni2, lib: /usr/lib/x86_64-linux-gnu/libOpenNI2.so;libusb::libusb)
[0.638s] [0m** WARNING ** io features related to pcap will be disabled[0m
[0.809s] -- Eigen found (include: /usr/include/eigen3, version: 3.4.0)
[0.818s] -- OpenNI found (version: 1.5.4.0, include: /usr/include/ni, lib: /usr/lib/libOpenNI.so;libusb::libusb)
[0.826s] -- OpenNI2 found (version: 2.2.0.33, include: /usr/include/openni2, lib: /usr/lib/x86_64-linux-gnu/libOpenNI2.so;libusb::libusb)
[0.983s] -- Found Qhull version 8.0.2
[1.144s] -- OpenNI found (version: 1.5.4.0, include: /usr/include/ni, lib: /usr/lib/libOpenNI.so;libusb::libusb)
[1.300s] -- looking for PCL_COMMON
[1.300s] -- looking for PCL_KDTREE
[1.301s] -- looking for PCL_OCTREE
[1.302s] -- looking for PCL_SEARCH
[1.302s] -- looking for PCL_SAMPLE_CONSENSUS
[1.303s] -- looking for PCL_FILTERS
[1.303s] -- looking for PCL_2D
[1.304s] -- looking for PCL_GEOMETRY
[1.304s] -- looking for PCL_IO
[1.304s] -- looking for PCL_FEATURES
[1.305s] -- looking for PCL_ML
[1.306s] -- looking for PCL_SEGMENTATION
[1.306s] -- looking for PCL_VISUALIZATION
[1.307s] -- looking for PCL_SURFACE
[1.307s] -- looking for PCL_REGISTRATION
[1.308s] -- looking for PCL_KEYPOINTS
[1.308s] -- looking for PCL_TRACKING
[1.309s] -- looking for PCL_RECOGNITION
[1.310s] -- looking for PCL_STEREO
[1.310s] -- looking for PCL_APPS
[1.311s] -- looking for PCL_IN_HAND_SCANNER
[1.312s] -- looking for PCL_MODELER
[1.312s] -- looking for PCL_POINT_CLOUD_EDITOR
[1.312s] -- looking for PCL_OUTOFCORE
[1.313s] -- looking for PCL_PEOPLE
[1.384s] -- Configuring done
[1.388s] [31mCMake Error at CMakeLists.txt:15 (add_executable):
[1.388s]   Cannot find source file:
[1.388s] 
[1.388s]     src/point_cloud_processing/0_table_scene.cpp
[1.388s] 
[1.388s]   Tried extensions .c .C .c++ .cc .cpp .cxx .cu .mpp .m .M .mm .ixx .cppm .h
[1.388s]   .hh .h++ .hm .hpp .hxx .in .txx .f .F .for .f77 .f90 .f95 .f03 .hip .ispc
[1.388s] 
[1.388s] [0m
[1.390s] [31mCMake Error at CMakeLists.txt:15 (add_executable):
[1.390s]   No SOURCES given to target: pcd_import
[1.390s] 
[1.390s] [0m
[1.390s] [0mCMake Generate step failed.  Build files cannot be regenerated correctly.[0m
[1.401s] gmake: *** [Makefile:267: cmake_check_build_system] Error 1
[1.405s] Invoked command in '/home/chovy/workspace-udemy/pcl-exercise/build/point_cloud_processing' returned '2': CMAKE_PREFIX_PATH=${CMAKE_PREFIX_PATH}:/opt/ros/humble /usr/bin/cmake --build /home/chovy/workspace-udemy/pcl-exercise/build/point_cloud_processing -- -j4 -l4
