[35m[1mConsolidate compiler generated dependencies of target circular_cloud[0m
[ 33%] Built target pcd_import
[ 66%] Built target plane_cloud
[ 83%] [32mBuilding CXX object CMakeFiles/circular_cloud.dir/src/2_circular_cloud.cpp.o[0m
[100%] [32m[1mLinking CXX executable circular_cloud[0m
[100%] Built target circular_cloud
-- Install configuration: ""
-- Up-to-date: /home/chovy/workspace-udemy/pcl-exercise/install/point_cloud_processing/lib/point_cloud_processing/pcd_import
-- Up-to-date: /home/chovy/workspace-udemy/pcl-exercise/install/point_cloud_processing/lib/point_cloud_processing/plane_cloud
-- Installing: /home/chovy/workspace-udemy/pcl-exercise/install/point_cloud_processing/lib/point_cloud_processing/circular_cloud
-- Up-to-date: /home/chovy/workspace-udemy/pcl-exercise/install/point_cloud_processing/share/ament_index/resource_index/package_run_dependencies/point_cloud_processing
-- Up-to-date: /home/chovy/workspace-udemy/pcl-exercise/install/point_cloud_processing/share/ament_index/resource_index/parent_prefix_path/point_cloud_processing
-- Up-to-date: /home/chovy/workspace-udemy/pcl-exercise/install/point_cloud_processing/share/point_cloud_processing/environment/ament_prefix_path.sh
-- Up-to-date: /home/chovy/workspace-udemy/pcl-exercise/install/point_cloud_processing/share/point_cloud_processing/environment/ament_prefix_path.dsv
-- Up-to-date: /home/chovy/workspace-udemy/pcl-exercise/install/point_cloud_processing/share/point_cloud_processing/environment/path.sh
-- Up-to-date: /home/chovy/workspace-udemy/pcl-exercise/install/point_cloud_processing/share/point_cloud_processing/environment/path.dsv
-- Up-to-date: /home/chovy/workspace-udemy/pcl-exercise/install/point_cloud_processing/share/point_cloud_processing/local_setup.bash
-- Up-to-date: /home/chovy/workspace-udemy/pcl-exercise/install/point_cloud_processing/share/point_cloud_processing/local_setup.sh
-- Up-to-date: /home/chovy/workspace-udemy/pcl-exercise/install/point_cloud_processing/share/point_cloud_processing/local_setup.zsh
-- Up-to-date: /home/chovy/workspace-udemy/pcl-exercise/install/point_cloud_processing/share/point_cloud_processing/local_setup.dsv
-- Installing: /home/chovy/workspace-udemy/pcl-exercise/install/point_cloud_processing/share/point_cloud_processing/package.dsv
-- Up-to-date: /home/chovy/workspace-udemy/pcl-exercise/install/point_cloud_processing/share/ament_index/resource_index/packages/point_cloud_processing
-- Up-to-date: /home/chovy/workspace-udemy/pcl-exercise/install/point_cloud_processing/share/point_cloud_processing/cmake/point_cloud_processingConfig.cmake
-- Up-to-date: /home/chovy/workspace-udemy/pcl-exercise/install/point_cloud_processing/share/point_cloud_processing/cmake/point_cloud_processingConfig-version.cmake
-- Up-to-date: /home/chovy/workspace-udemy/pcl-exercise/install/point_cloud_processing/share/point_cloud_processing/package.xml
