[0.021s] Invoking command in '/home/chovy/workspace-udemy/pcl-exercise/build/point_cloud_processing': CMAKE_PREFIX_PATH=${CMAKE_PREFIX_PATH}:/opt/ros/humble /usr/bin/cmake --build /home/chovy/workspace-udemy/pcl-exercise/build/point_cloud_processing -- -j4 -l4
[0.088s] [35m[1mConsolidate compiler generated dependencies of target plane_cloud[0m
[0.101s] [35m[1mConsolidate compiler generated dependencies of target circular_cloud[0m
[0.132s] [ 33%] Built target pcd_import
[0.145s] [ 66%] [32mBuilding CXX object CMakeFiles/circular_cloud.dir/src/2_circular_cloud.cpp.o[0m
[0.150s] [ 83%] Built target plane_cloud
[4.619s] [100%] [32m[1mLinking CXX executable circular_cloud[0m
[5.038s] [100%] Built target circular_cloud
[5.056s] Invoked command in '/home/chovy/workspace-udemy/pcl-exercise/build/point_cloud_processing' returned '0': CMAKE_PREFIX_PATH=${CMAKE_PREFIX_PATH}:/opt/ros/humble /usr/bin/cmake --build /home/chovy/workspace-udemy/pcl-exercise/build/point_cloud_processing -- -j4 -l4
[5.137s] Invoking command in '/home/chovy/workspace-udemy/pcl-exercise/build/point_cloud_processing': CMAKE_PREFIX_PATH=${CMAKE_PREFIX_PATH}:/opt/ros/humble /usr/bin/cmake --install /home/chovy/workspace-udemy/pcl-exercise/build/point_cloud_processing
[5.148s] -- Install configuration: ""
[5.151s] -- Up-to-date: /home/chovy/workspace-udemy/pcl-exercise/install/point_cloud_processing/lib/point_cloud_processing/pcd_import
[5.155s] -- Installing: /home/chovy/workspace-udemy/pcl-exercise/install/point_cloud_processing/lib/point_cloud_processing/plane_cloud
[5.155s] -- Installing: /home/chovy/workspace-udemy/pcl-exercise/install/point_cloud_processing/lib/point_cloud_processing/circular_cloud
[5.158s] -- Up-to-date: /home/chovy/workspace-udemy/pcl-exercise/install/point_cloud_processing/share/ament_index/resource_index/package_run_dependencies/point_cloud_processing
[5.158s] -- Up-to-date: /home/chovy/workspace-udemy/pcl-exercise/install/point_cloud_processing/share/ament_index/resource_index/parent_prefix_path/point_cloud_processing
[5.158s] -- Up-to-date: /home/chovy/workspace-udemy/pcl-exercise/install/point_cloud_processing/share/point_cloud_processing/environment/ament_prefix_path.sh
[5.159s] -- Installing: /home/chovy/workspace-udemy/pcl-exercise/install/point_cloud_processing/share/point_cloud_processing/environment/ament_prefix_path.dsv
[5.159s] -- Up-to-date: /home/chovy/workspace-udemy/pcl-exercise/install/point_cloud_processing/share/point_cloud_processing/environment/path.sh
[5.159s] -- Installing: /home/chovy/workspace-udemy/pcl-exercise/install/point_cloud_processing/share/point_cloud_processing/environment/path.dsv
[5.159s] -- Up-to-date: /home/chovy/workspace-udemy/pcl-exercise/install/point_cloud_processing/share/point_cloud_processing/local_setup.bash
[5.159s] -- Up-to-date: /home/chovy/workspace-udemy/pcl-exercise/install/point_cloud_processing/share/point_cloud_processing/local_setup.sh
[5.159s] -- Up-to-date: /home/chovy/workspace-udemy/pcl-exercise/install/point_cloud_processing/share/point_cloud_processing/local_setup.zsh
[5.159s] -- Installing: /home/chovy/workspace-udemy/pcl-exercise/install/point_cloud_processing/share/point_cloud_processing/local_setup.dsv
[5.159s] -- Installing: /home/chovy/workspace-udemy/pcl-exercise/install/point_cloud_processing/share/point_cloud_processing/package.dsv
[5.162s] -- Up-to-date: /home/chovy/workspace-udemy/pcl-exercise/install/point_cloud_processing/share/ament_index/resource_index/packages/point_cloud_processing
[5.162s] -- Up-to-date: /home/chovy/workspace-udemy/pcl-exercise/install/point_cloud_processing/share/point_cloud_processing/cmake/point_cloud_processingConfig.cmake
[5.162s] -- Up-to-date: /home/chovy/workspace-udemy/pcl-exercise/install/point_cloud_processing/share/point_cloud_processing/cmake/point_cloud_processingConfig-version.cmake
[5.163s] -- Up-to-date: /home/chovy/workspace-udemy/pcl-exercise/install/point_cloud_processing/share/point_cloud_processing/package.xml
[5.164s] Invoked command in '/home/chovy/workspace-udemy/pcl-exercise/build/point_cloud_processing' returned '0': CMAKE_PREFIX_PATH=${CMAKE_PREFIX_PATH}:/opt/ros/humble /usr/bin/cmake --install /home/chovy/workspace-udemy/pcl-exercise/build/point_cloud_processing
