[0.225s] DEBUG:colcon:Command line arguments: ['/usr/bin/colcon', 'build']
[0.226s] DEBUG:colcon:Parsed command line arguments: Namespace(log_base=None, log_level=None, verb_name='build', build_base='build', install_base='install', merge_install=False, symlink_install=False, test_result_base=None, continue_on_error=False, executor='parallel', parallel_workers=4, event_handlers=None, ignore_user_meta=False, metas=['./colcon.meta'], base_paths=['.'], packages_ignore=None, packages_ignore_regex=None, paths=None, packages_up_to=None, packages_up_to_regex=None, packages_above=None, packages_above_and_dependencies=None, packages_above_depth=None, packages_select_by_dep=None, packages_skip_by_dep=None, packages_skip_up_to=None, packages_select_build_failed=False, packages_skip_build_finished=False, packages_select_test_failures=False, packages_skip_test_passed=False, packages_select=None, packages_skip=None, packages_select_regex=None, packages_skip_regex=None, packages_start=None, packages_end=None, allow_overriding=[], cmake_args=None, cmake_target=None, cmake_target_skip_unavailable=False, cmake_clean_cache=False, cmake_clean_first=False, cmake_force_configure=False, ament_cmake_args=None, catkin_cmake_args=None, catkin_skip_building_tests=False, mixin_files=None, mixin=None, verb_parser=<colcon_mixin.mixin.mixin_argument.MixinArgumentDecorator object at 0x7b76d2b3a500>, verb_extension=<colcon_core.verb.build.BuildVerb object at 0x7b76d2b39750>, main=<bound method BuildVerb.main of <colcon_core.verb.build.BuildVerb object at 0x7b76d2b39750>>, mixin_verb=('build',))
[0.683s] Level 1:colcon.colcon_core.package_discovery:discover_packages(colcon_meta) check parameters
[0.684s] Level 1:colcon.colcon_core.package_discovery:discover_packages(recursive) check parameters
[0.684s] Level 1:colcon.colcon_core.package_discovery:discover_packages(ignore) check parameters
[0.684s] Level 1:colcon.colcon_core.package_discovery:discover_packages(path) check parameters
[0.684s] Level 1:colcon.colcon_core.package_discovery:discover_packages(colcon_meta) discover
[0.684s] Level 1:colcon.colcon_core.package_discovery:discover_packages(recursive) discover
[0.684s] INFO:colcon.colcon_core.package_discovery:Crawling recursively for packages in '/home/chovy/workspace-udemy/pcl-exercise'
[0.685s] Level 1:colcon.colcon_core.package_identification:_identify(.) by extensions ['ignore', 'ignore_ament_install']
[0.685s] Level 1:colcon.colcon_core.package_identification:_identify(.) by extension 'ignore'
[0.685s] Level 1:colcon.colcon_core.package_identification:_identify(.) by extension 'ignore_ament_install'
[0.685s] Level 1:colcon.colcon_core.package_identification:_identify(.) by extensions ['colcon_pkg']
[0.685s] Level 1:colcon.colcon_core.package_identification:_identify(.) by extension 'colcon_pkg'
[0.685s] Level 1:colcon.colcon_core.package_identification:_identify(.) by extensions ['colcon_meta']
[0.685s] Level 1:colcon.colcon_core.package_identification:_identify(.) by extension 'colcon_meta'
[0.686s] Level 1:colcon.colcon_core.package_identification:_identify(.) by extensions ['ros']
[0.686s] Level 1:colcon.colcon_core.package_identification:_identify(.) by extension 'ros'
[0.708s] Level 1:colcon.colcon_core.package_identification:_identify(.) by extensions ['cmake', 'python']
[0.709s] Level 1:colcon.colcon_core.package_identification:_identify(.) by extension 'cmake'
[0.709s] Level 1:colcon.colcon_core.package_identification:_identify(.) by extension 'python'
[0.709s] Level 1:colcon.colcon_core.package_identification:_identify(.) by extensions ['python_setup_py']
[0.709s] Level 1:colcon.colcon_core.package_identification:_identify(.) by extension 'python_setup_py'
[0.709s] Level 1:colcon.colcon_core.package_identification:_identify(build) by extensions ['ignore', 'ignore_ament_install']
[0.709s] Level 1:colcon.colcon_core.package_identification:_identify(build) by extension 'ignore'
[0.709s] Level 1:colcon.colcon_core.package_identification:_identify(build) ignored
[0.710s] Level 1:colcon.colcon_core.package_identification:_identify(install) by extensions ['ignore', 'ignore_ament_install']
[0.710s] Level 1:colcon.colcon_core.package_identification:_identify(install) by extension 'ignore'
[0.710s] Level 1:colcon.colcon_core.package_identification:_identify(install) ignored
[0.711s] Level 1:colcon.colcon_core.package_identification:_identify(log) by extensions ['ignore', 'ignore_ament_install']
[0.711s] Level 1:colcon.colcon_core.package_identification:_identify(log) by extension 'ignore'
[0.711s] Level 1:colcon.colcon_core.package_identification:_identify(log) ignored
[0.711s] Level 1:colcon.colcon_core.package_identification:_identify(src) by extensions ['ignore', 'ignore_ament_install']
[0.711s] Level 1:colcon.colcon_core.package_identification:_identify(src) by extension 'ignore'
[0.712s] Level 1:colcon.colcon_core.package_identification:_identify(src) by extension 'ignore_ament_install'
[0.712s] Level 1:colcon.colcon_core.package_identification:_identify(src) by extensions ['colcon_pkg']
[0.712s] Level 1:colcon.colcon_core.package_identification:_identify(src) by extension 'colcon_pkg'
[0.712s] Level 1:colcon.colcon_core.package_identification:_identify(src) by extensions ['colcon_meta']
[0.712s] Level 1:colcon.colcon_core.package_identification:_identify(src) by extension 'colcon_meta'
[0.713s] Level 1:colcon.colcon_core.package_identification:_identify(src) by extensions ['ros']
[0.713s] Level 1:colcon.colcon_core.package_identification:_identify(src) by extension 'ros'
[0.713s] Level 1:colcon.colcon_core.package_identification:_identify(src) by extensions ['cmake', 'python']
[0.713s] Level 1:colcon.colcon_core.package_identification:_identify(src) by extension 'cmake'
[0.713s] Level 1:colcon.colcon_core.package_identification:_identify(src) by extension 'python'
[0.713s] Level 1:colcon.colcon_core.package_identification:_identify(src) by extensions ['python_setup_py']
[0.713s] Level 1:colcon.colcon_core.package_identification:_identify(src) by extension 'python_setup_py'
[0.713s] Level 1:colcon.colcon_core.package_identification:_identify(src/point_cloud_processing) by extensions ['ignore', 'ignore_ament_install']
[0.714s] Level 1:colcon.colcon_core.package_identification:_identify(src/point_cloud_processing) by extension 'ignore'
[0.714s] Level 1:colcon.colcon_core.package_identification:_identify(src/point_cloud_processing) by extension 'ignore_ament_install'
[0.714s] Level 1:colcon.colcon_core.package_identification:_identify(src/point_cloud_processing) by extensions ['colcon_pkg']
[0.714s] Level 1:colcon.colcon_core.package_identification:_identify(src/point_cloud_processing) by extension 'colcon_pkg'
[0.714s] Level 1:colcon.colcon_core.package_identification:_identify(src/point_cloud_processing) by extensions ['colcon_meta']
[0.714s] Level 1:colcon.colcon_core.package_identification:_identify(src/point_cloud_processing) by extension 'colcon_meta'
[0.714s] Level 1:colcon.colcon_core.package_identification:_identify(src/point_cloud_processing) by extensions ['ros']
[0.714s] Level 1:colcon.colcon_core.package_identification:_identify(src/point_cloud_processing) by extension 'ros'
[0.720s] DEBUG:colcon.colcon_core.package_identification:Package 'src/point_cloud_processing' with type 'ros.ament_cmake' and name 'point_cloud_processing'
[0.720s] Level 1:colcon.colcon_core.package_discovery:discover_packages(recursive) using defaults
[0.720s] Level 1:colcon.colcon_core.package_discovery:discover_packages(ignore) discover
[0.721s] Level 1:colcon.colcon_core.package_discovery:discover_packages(ignore) using defaults
[0.721s] Level 1:colcon.colcon_core.package_discovery:discover_packages(path) discover
[0.721s] Level 1:colcon.colcon_core.package_discovery:discover_packages(path) using defaults
[0.754s] Level 1:colcon.colcon_core.package_discovery:discover_packages(prefix_path) check parameters
[0.755s] Level 1:colcon.colcon_core.package_discovery:discover_packages(prefix_path) discover
[0.759s] DEBUG:colcon.colcon_installed_package_information.package_discovery:Found 1 installed packages in /home/chovy/workspace-udemy/pcl-exercise/install
[0.760s] DEBUG:colcon.colcon_installed_package_information.package_discovery:Found 271 installed packages in /opt/ros/humble
[0.763s] Level 1:colcon.colcon_core.package_discovery:discover_packages(prefix_path) using defaults
[0.940s] Level 5:colcon.colcon_core.verb:set package 'point_cloud_processing' build argument 'cmake_args' from command line to 'None'
[0.940s] Level 5:colcon.colcon_core.verb:set package 'point_cloud_processing' build argument 'cmake_target' from command line to 'None'
[0.940s] Level 5:colcon.colcon_core.verb:set package 'point_cloud_processing' build argument 'cmake_target_skip_unavailable' from command line to 'False'
[0.940s] Level 5:colcon.colcon_core.verb:set package 'point_cloud_processing' build argument 'cmake_clean_cache' from command line to 'False'
[0.940s] Level 5:colcon.colcon_core.verb:set package 'point_cloud_processing' build argument 'cmake_clean_first' from command line to 'False'
[0.941s] Level 5:colcon.colcon_core.verb:set package 'point_cloud_processing' build argument 'cmake_force_configure' from command line to 'False'
[0.941s] Level 5:colcon.colcon_core.verb:set package 'point_cloud_processing' build argument 'ament_cmake_args' from command line to 'None'
[0.941s] Level 5:colcon.colcon_core.verb:set package 'point_cloud_processing' build argument 'catkin_cmake_args' from command line to 'None'
[0.941s] Level 5:colcon.colcon_core.verb:set package 'point_cloud_processing' build argument 'catkin_skip_building_tests' from command line to 'False'
[0.941s] DEBUG:colcon.colcon_core.verb:Building package 'point_cloud_processing' with the following arguments: {'ament_cmake_args': None, 'build_base': '/home/chovy/workspace-udemy/pcl-exercise/build/point_cloud_processing', 'catkin_cmake_args': None, 'catkin_skip_building_tests': False, 'cmake_args': None, 'cmake_clean_cache': False, 'cmake_clean_first': False, 'cmake_force_configure': False, 'cmake_target': None, 'cmake_target_skip_unavailable': False, 'install_base': '/home/chovy/workspace-udemy/pcl-exercise/install/point_cloud_processing', 'merge_install': False, 'path': '/home/chovy/workspace-udemy/pcl-exercise/src/point_cloud_processing', 'symlink_install': False, 'test_result_base': None}
[0.941s] INFO:colcon.colcon_core.executor:Executing jobs using 'parallel' executor
[0.943s] DEBUG:colcon.colcon_parallel_executor.executor.parallel:run_until_complete
[0.944s] INFO:colcon.colcon_ros.task.ament_cmake.build:Building ROS package in '/home/chovy/workspace-udemy/pcl-exercise/src/point_cloud_processing' with build type 'ament_cmake'
[0.944s] INFO:colcon.colcon_cmake.task.cmake.build:Building CMake package in '/home/chovy/workspace-udemy/pcl-exercise/src/point_cloud_processing'
[0.953s] INFO:colcon.colcon_core.plugin_system:Skipping extension 'colcon_core.shell.bat': Not used on non-Windows systems
[0.953s] INFO:colcon.colcon_core.shell:Skip shell extension 'powershell' for command environment: Not usable outside of PowerShell
[0.953s] DEBUG:colcon.colcon_core.shell:Skip shell extension 'dsv' for command environment
[0.974s] DEBUG:colcon.colcon_core.event_handler.log_command:Invoking command in '/home/chovy/workspace-udemy/pcl-exercise/build/point_cloud_processing': CMAKE_PREFIX_PATH=${CMAKE_PREFIX_PATH}:/opt/ros/humble /usr/bin/cmake --build /home/chovy/workspace-udemy/pcl-exercise/build/point_cloud_processing -- -j4 -l4
[1.094s] DEBUG:colcon.colcon_core.event_handler.log_command:Invoked command in '/home/chovy/workspace-udemy/pcl-exercise/build/point_cloud_processing' returned '0': CMAKE_PREFIX_PATH=${CMAKE_PREFIX_PATH}:/opt/ros/humble /usr/bin/cmake --build /home/chovy/workspace-udemy/pcl-exercise/build/point_cloud_processing -- -j4 -l4
[1.159s] DEBUG:colcon.colcon_core.event_handler.log_command:Invoking command in '/home/chovy/workspace-udemy/pcl-exercise/build/point_cloud_processing': CMAKE_PREFIX_PATH=${CMAKE_PREFIX_PATH}:/opt/ros/humble /usr/bin/cmake --install /home/chovy/workspace-udemy/pcl-exercise/build/point_cloud_processing
[1.176s] Level 1:colcon.colcon_core.environment:create_environment_scripts_only(point_cloud_processing)
[1.177s] DEBUG:colcon.colcon_core.event_handler.log_command:Invoked command in '/home/chovy/workspace-udemy/pcl-exercise/build/point_cloud_processing' returned '0': CMAKE_PREFIX_PATH=${CMAKE_PREFIX_PATH}:/opt/ros/humble /usr/bin/cmake --install /home/chovy/workspace-udemy/pcl-exercise/build/point_cloud_processing
[1.186s] Level 1:colcon.colcon_core.environment:checking '/home/chovy/workspace-udemy/pcl-exercise/install/point_cloud_processing' for CMake module files
[1.186s] Level 1:colcon.colcon_core.environment:checking '/home/chovy/workspace-udemy/pcl-exercise/install/point_cloud_processing' for CMake config files
[1.187s] Level 1:colcon.colcon_core.shell:create_environment_hook('point_cloud_processing', 'cmake_prefix_path')
[1.187s] INFO:colcon.colcon_core.shell:Creating environment hook '/home/chovy/workspace-udemy/pcl-exercise/install/point_cloud_processing/share/point_cloud_processing/hook/cmake_prefix_path.ps1'
[1.188s] INFO:colcon.colcon_core.shell:Creating environment descriptor '/home/chovy/workspace-udemy/pcl-exercise/install/point_cloud_processing/share/point_cloud_processing/hook/cmake_prefix_path.dsv'
[1.190s] INFO:colcon.colcon_core.shell:Creating environment hook '/home/chovy/workspace-udemy/pcl-exercise/install/point_cloud_processing/share/point_cloud_processing/hook/cmake_prefix_path.sh'
[1.191s] Level 1:colcon.colcon_core.environment:checking '/home/chovy/workspace-udemy/pcl-exercise/install/point_cloud_processing/lib'
[1.192s] Level 1:colcon.colcon_core.environment:checking '/home/chovy/workspace-udemy/pcl-exercise/install/point_cloud_processing/bin'
[1.192s] Level 1:colcon.colcon_core.environment:checking '/home/chovy/workspace-udemy/pcl-exercise/install/point_cloud_processing/lib/pkgconfig/point_cloud_processing.pc'
[1.192s] Level 1:colcon.colcon_core.environment:checking '/home/chovy/workspace-udemy/pcl-exercise/install/point_cloud_processing/lib/python3.10/site-packages'
[1.192s] Level 1:colcon.colcon_core.environment:checking '/home/chovy/workspace-udemy/pcl-exercise/install/point_cloud_processing/bin'
[1.193s] INFO:colcon.colcon_core.shell:Creating package script '/home/chovy/workspace-udemy/pcl-exercise/install/point_cloud_processing/share/point_cloud_processing/package.ps1'
[1.195s] INFO:colcon.colcon_core.shell:Creating package descriptor '/home/chovy/workspace-udemy/pcl-exercise/install/point_cloud_processing/share/point_cloud_processing/package.dsv'
[1.196s] INFO:colcon.colcon_core.shell:Creating package script '/home/chovy/workspace-udemy/pcl-exercise/install/point_cloud_processing/share/point_cloud_processing/package.sh'
[1.197s] INFO:colcon.colcon_core.shell:Creating package script '/home/chovy/workspace-udemy/pcl-exercise/install/point_cloud_processing/share/point_cloud_processing/package.bash'
[1.199s] INFO:colcon.colcon_core.shell:Creating package script '/home/chovy/workspace-udemy/pcl-exercise/install/point_cloud_processing/share/point_cloud_processing/package.zsh'
[1.200s] Level 1:colcon.colcon_core.environment:create_file_with_runtime_dependencies(/home/chovy/workspace-udemy/pcl-exercise/install/point_cloud_processing/share/colcon-core/packages/point_cloud_processing)
[1.251s] Level 1:colcon.colcon_core.environment:create_environment_scripts_only(point_cloud_processing)
[1.252s] Level 1:colcon.colcon_core.environment:checking '/home/chovy/workspace-udemy/pcl-exercise/install/point_cloud_processing' for CMake module files
[1.252s] Level 1:colcon.colcon_core.environment:checking '/home/chovy/workspace-udemy/pcl-exercise/install/point_cloud_processing' for CMake config files
[1.253s] Level 1:colcon.colcon_core.shell:create_environment_hook('point_cloud_processing', 'cmake_prefix_path')
[1.253s] INFO:colcon.colcon_core.shell:Creating environment hook '/home/chovy/workspace-udemy/pcl-exercise/install/point_cloud_processing/share/point_cloud_processing/hook/cmake_prefix_path.ps1'
[1.254s] INFO:colcon.colcon_core.shell:Creating environment descriptor '/home/chovy/workspace-udemy/pcl-exercise/install/point_cloud_processing/share/point_cloud_processing/hook/cmake_prefix_path.dsv'
[1.255s] INFO:colcon.colcon_core.shell:Creating environment hook '/home/chovy/workspace-udemy/pcl-exercise/install/point_cloud_processing/share/point_cloud_processing/hook/cmake_prefix_path.sh'
[1.255s] Level 1:colcon.colcon_core.environment:checking '/home/chovy/workspace-udemy/pcl-exercise/install/point_cloud_processing/lib'
[1.256s] Level 1:colcon.colcon_core.environment:checking '/home/chovy/workspace-udemy/pcl-exercise/install/point_cloud_processing/bin'
[1.256s] Level 1:colcon.colcon_core.environment:checking '/home/chovy/workspace-udemy/pcl-exercise/install/point_cloud_processing/lib/pkgconfig/point_cloud_processing.pc'
[1.256s] Level 1:colcon.colcon_core.environment:checking '/home/chovy/workspace-udemy/pcl-exercise/install/point_cloud_processing/lib/python3.10/site-packages'
[1.256s] Level 1:colcon.colcon_core.environment:checking '/home/chovy/workspace-udemy/pcl-exercise/install/point_cloud_processing/bin'
[1.257s] INFO:colcon.colcon_core.shell:Creating package script '/home/chovy/workspace-udemy/pcl-exercise/install/point_cloud_processing/share/point_cloud_processing/package.ps1'
[1.259s] INFO:colcon.colcon_core.shell:Creating package descriptor '/home/chovy/workspace-udemy/pcl-exercise/install/point_cloud_processing/share/point_cloud_processing/package.dsv'
[1.261s] INFO:colcon.colcon_core.shell:Creating package script '/home/chovy/workspace-udemy/pcl-exercise/install/point_cloud_processing/share/point_cloud_processing/package.sh'
[1.262s] INFO:colcon.colcon_core.shell:Creating package script '/home/chovy/workspace-udemy/pcl-exercise/install/point_cloud_processing/share/point_cloud_processing/package.bash'
[1.262s] INFO:colcon.colcon_core.shell:Creating package script '/home/chovy/workspace-udemy/pcl-exercise/install/point_cloud_processing/share/point_cloud_processing/package.zsh'
[1.263s] Level 1:colcon.colcon_core.environment:create_file_with_runtime_dependencies(/home/chovy/workspace-udemy/pcl-exercise/install/point_cloud_processing/share/colcon-core/packages/point_cloud_processing)
[1.264s] DEBUG:colcon.colcon_parallel_executor.executor.parallel:closing loop
[1.264s] DEBUG:colcon.colcon_parallel_executor.executor.parallel:loop closed
[1.265s] DEBUG:colcon.colcon_parallel_executor.executor.parallel:run_until_complete finished with '0'
[1.266s] DEBUG:colcon.colcon_core.event_reactor:joining thread
[1.274s] INFO:colcon.colcon_core.plugin_system:Skipping extension 'colcon_notification.desktop_notification.terminal_notifier': Not used on non-Darwin systems
[1.275s] INFO:colcon.colcon_core.plugin_system:Skipping extension 'colcon_notification.desktop_notification.win32': Not used on non-Windows systems
[1.275s] INFO:colcon.colcon_notification.desktop_notification:Sending desktop notification using 'notify2'
[1.326s] DEBUG:colcon.colcon_core.event_reactor:joined thread
[1.328s] INFO:colcon.colcon_core.shell:Creating prefix script '/home/chovy/workspace-udemy/pcl-exercise/install/local_setup.ps1'
[1.335s] INFO:colcon.colcon_core.shell:Creating prefix util module '/home/chovy/workspace-udemy/pcl-exercise/install/_local_setup_util_ps1.py'
[1.339s] INFO:colcon.colcon_core.shell:Creating prefix chain script '/home/chovy/workspace-udemy/pcl-exercise/install/setup.ps1'
[1.342s] INFO:colcon.colcon_core.shell:Creating prefix script '/home/chovy/workspace-udemy/pcl-exercise/install/local_setup.sh'
[1.344s] INFO:colcon.colcon_core.shell:Creating prefix util module '/home/chovy/workspace-udemy/pcl-exercise/install/_local_setup_util_sh.py'
[1.345s] INFO:colcon.colcon_core.shell:Creating prefix chain script '/home/chovy/workspace-udemy/pcl-exercise/install/setup.sh'
[1.347s] INFO:colcon.colcon_core.shell:Creating prefix script '/home/chovy/workspace-udemy/pcl-exercise/install/local_setup.bash'
[1.354s] INFO:colcon.colcon_core.shell:Creating prefix chain script '/home/chovy/workspace-udemy/pcl-exercise/install/setup.bash'
[1.358s] INFO:colcon.colcon_core.shell:Creating prefix script '/home/chovy/workspace-udemy/pcl-exercise/install/local_setup.zsh'
[1.365s] INFO:colcon.colcon_core.shell:Creating prefix chain script '/home/chovy/workspace-udemy/pcl-exercise/install/setup.zsh'
