[0.021s] Invoking command in '/home/chovy/workspace-udemy/pcl-exercise/build/point_cloud_processing': CMAKE_PREFIX_PATH=${CMAKE_PREFIX_PATH}:/opt/ros/humble /usr/bin/cmake --build /home/chovy/workspace-udemy/pcl-exercise/build/point_cloud_processing -- -j4 -l4
[0.054s] -- Found ament_cmake: 1.3.10 (/opt/ros/humble/share/ament_cmake/cmake)
[0.206s] -- Eigen found (include: /usr/include/eigen3, version: 3.4.0)
[0.252s] -- FLANN found (include: /usr/include, lib: /usr/lib/x86_64-linux-gnu/libflann_cpp.so)
[0.592s] -- OpenNI found (version: 1.5.4.0, include: /usr/include/ni, lib: /usr/lib/libOpenNI.so;libusb::libusb)
[0.598s] -- OpenNI2 found (version: 2.2.0.33, include: /usr/include/openni2, lib: /usr/lib/x86_64-linux-gnu/libOpenNI2.so;libusb::libusb)
[0.599s] [0m** WARNING ** io features related to pcap will be disabled[0m
[0.770s] -- Eigen found (include: /usr/include/eigen3, version: 3.4.0)
[0.778s] -- OpenNI found (version: 1.5.4.0, include: /usr/include/ni, lib: /usr/lib/libOpenNI.so;libusb::libusb)
[0.785s] -- OpenNI2 found (version: 2.2.0.33, include: /usr/include/openni2, lib: /usr/lib/x86_64-linux-gnu/libOpenNI2.so;libusb::libusb)
[0.941s] -- Found Qhull version 8.0.2
[1.130s] -- OpenNI found (version: 1.5.4.0, include: /usr/include/ni, lib: /usr/lib/libOpenNI.so;libusb::libusb)
[1.284s] -- looking for PCL_COMMON
[1.284s] -- looking for PCL_KDTREE
[1.285s] -- looking for PCL_OCTREE
[1.285s] -- looking for PCL_SEARCH
[1.286s] -- looking for PCL_SAMPLE_CONSENSUS
[1.286s] -- looking for PCL_FILTERS
[1.287s] -- looking for PCL_2D
[1.287s] -- looking for PCL_GEOMETRY
[1.288s] -- looking for PCL_IO
[1.288s] -- looking for PCL_FEATURES
[1.289s] -- looking for PCL_ML
[1.289s] -- looking for PCL_SEGMENTATION
[1.291s] -- looking for PCL_VISUALIZATION
[1.291s] -- looking for PCL_SURFACE
[1.292s] -- looking for PCL_REGISTRATION
[1.293s] -- looking for PCL_KEYPOINTS
[1.293s] -- looking for PCL_TRACKING
[1.294s] -- looking for PCL_RECOGNITION
[1.295s] -- looking for PCL_STEREO
[1.296s] -- looking for PCL_APPS
[1.298s] -- looking for PCL_IN_HAND_SCANNER
[1.298s] -- looking for PCL_MODELER
[1.298s] -- looking for PCL_POINT_CLOUD_EDITOR
[1.299s] -- looking for PCL_OUTOFCORE
[1.299s] -- looking for PCL_PEOPLE
[1.372s] -- Configuring done
[1.396s] -- Generating done
[1.399s] -- Build files have been written to: /home/chovy/workspace-udemy/pcl-exercise/build/point_cloud_processing
[1.438s] [35m[1mConsolidate compiler generated dependencies of target pcd_import[0m
[1.478s] [100%] Built target pcd_import
[1.493s] Invoked command in '/home/chovy/workspace-udemy/pcl-exercise/build/point_cloud_processing' returned '0': CMAKE_PREFIX_PATH=${CMAKE_PREFIX_PATH}:/opt/ros/humble /usr/bin/cmake --build /home/chovy/workspace-udemy/pcl-exercise/build/point_cloud_processing -- -j4 -l4
[1.556s] Invoking command in '/home/chovy/workspace-udemy/pcl-exercise/build/point_cloud_processing': CMAKE_PREFIX_PATH=${CMAKE_PREFIX_PATH}:/opt/ros/humble /usr/bin/cmake --install /home/chovy/workspace-udemy/pcl-exercise/build/point_cloud_processing
[1.568s] -- Install configuration: ""
[1.568s] -- Up-to-date: /home/chovy/workspace-udemy/pcl-exercise/install/point_cloud_processing/share/ament_index/resource_index/package_run_dependencies/point_cloud_processing
[1.569s] -- Up-to-date: /home/chovy/workspace-udemy/pcl-exercise/install/point_cloud_processing/share/ament_index/resource_index/parent_prefix_path/point_cloud_processing
[1.569s] -- Up-to-date: /home/chovy/workspace-udemy/pcl-exercise/install/point_cloud_processing/share/point_cloud_processing/environment/ament_prefix_path.sh
[1.570s] -- Installing: /home/chovy/workspace-udemy/pcl-exercise/install/point_cloud_processing/share/point_cloud_processing/environment/ament_prefix_path.dsv
[1.570s] -- Up-to-date: /home/chovy/workspace-udemy/pcl-exercise/install/point_cloud_processing/share/point_cloud_processing/environment/path.sh
[1.571s] -- Installing: /home/chovy/workspace-udemy/pcl-exercise/install/point_cloud_processing/share/point_cloud_processing/environment/path.dsv
[1.571s] -- Up-to-date: /home/chovy/workspace-udemy/pcl-exercise/install/point_cloud_processing/share/point_cloud_processing/local_setup.bash
[1.571s] -- Up-to-date: /home/chovy/workspace-udemy/pcl-exercise/install/point_cloud_processing/share/point_cloud_processing/local_setup.sh
[1.572s] -- Up-to-date: /home/chovy/workspace-udemy/pcl-exercise/install/point_cloud_processing/share/point_cloud_processing/local_setup.zsh
[1.572s] -- Installing: /home/chovy/workspace-udemy/pcl-exercise/install/point_cloud_processing/share/point_cloud_processing/local_setup.dsv
[1.572s] -- Installing: /home/chovy/workspace-udemy/pcl-exercise/install/point_cloud_processing/share/point_cloud_processing/package.dsv
[1.573s] -- Up-to-date: /home/chovy/workspace-udemy/pcl-exercise/install/point_cloud_processing/share/ament_index/resource_index/packages/point_cloud_processing
[1.573s] -- Up-to-date: /home/chovy/workspace-udemy/pcl-exercise/install/point_cloud_processing/share/point_cloud_processing/cmake/point_cloud_processingConfig.cmake
[1.573s] -- Up-to-date: /home/chovy/workspace-udemy/pcl-exercise/install/point_cloud_processing/share/point_cloud_processing/cmake/point_cloud_processingConfig-version.cmake
[1.573s] -- Up-to-date: /home/chovy/workspace-udemy/pcl-exercise/install/point_cloud_processing/share/point_cloud_processing/package.xml
[1.577s] Invoked command in '/home/chovy/workspace-udemy/pcl-exercise/build/point_cloud_processing' returned '0': CMAKE_PREFIX_PATH=${CMAKE_PREFIX_PATH}:/opt/ros/humble /usr/bin/cmake --install /home/chovy/workspace-udemy/pcl-exercise/build/point_cloud_processing
