[0.021s] Invoking command in '/home/chovy/workspace-udemy/pcl-exercise/build/point_cloud_processing': CMAKE_PREFIX_PATH=${CMAKE_PREFIX_PATH}:/opt/ros/humble /usr/bin/cmake --build /home/chovy/workspace-udemy/pcl-exercise/build/point_cloud_processing -- -j4 -l4
[0.099s] [100%] Built target pcd_import
[0.117s] Invoked command in '/home/chovy/workspace-udemy/pcl-exercise/build/point_cloud_processing' returned '0': CMAKE_PREFIX_PATH=${CMAKE_PREFIX_PATH}:/opt/ros/humble /usr/bin/cmake --build /home/chovy/workspace-udemy/pcl-exercise/build/point_cloud_processing -- -j4 -l4
[0.181s] Invoking command in '/home/chovy/workspace-udemy/pcl-exercise/build/point_cloud_processing': CMAKE_PREFIX_PATH=${CMAKE_PREFIX_PATH}:/opt/ros/humble /usr/bin/cmake --install /home/chovy/workspace-udemy/pcl-exercise/build/point_cloud_processing
[0.191s] -- Install configuration: ""
[0.193s] -- Up-to-date: /home/chovy/workspace-udemy/pcl-exercise/install/point_cloud_processing/share/ament_index/resource_index/package_run_dependencies/point_cloud_processing
[0.193s] -- Up-to-date: /home/chovy/workspace-udemy/pcl-exercise/install/point_cloud_processing/share/ament_index/resource_index/parent_prefix_path/point_cloud_processing
[0.194s] -- Up-to-date: /home/chovy/workspace-udemy/pcl-exercise/install/point_cloud_processing/share/point_cloud_processing/environment/ament_prefix_path.sh
[0.196s] -- Up-to-date: /home/chovy/workspace-udemy/pcl-exercise/install/point_cloud_processing/share/point_cloud_processing/environment/ament_prefix_path.dsv
[0.198s] -- Up-to-date: /home/chovy/workspace-udemy/pcl-exercise/install/point_cloud_processing/share/point_cloud_processing/environment/path.sh
[0.199s] -- Up-to-date: /home/chovy/workspace-udemy/pcl-exercise/install/point_cloud_processing/share/point_cloud_processing/environment/path.dsv
[0.201s] -- Up-to-date: /home/chovy/workspace-udemy/pcl-exercise/install/point_cloud_processing/share/point_cloud_processing/local_setup.bash
[0.202s] -- Up-to-date: /home/chovy/workspace-udemy/pcl-exercise/install/point_cloud_processing/share/point_cloud_processing/local_setup.sh
[0.205s] -- Up-to-date: /home/chovy/workspace-udemy/pcl-exercise/install/point_cloud_processing/share/point_cloud_processing/local_setup.zsh
[0.208s] -- Up-to-date: /home/chovy/workspace-udemy/pcl-exercise/install/point_cloud_processing/share/point_cloud_processing/local_setup.dsv
[0.213s] -- Up-to-date: /home/chovy/workspace-udemy/pcl-exercise/install/point_cloud_processing/share/point_cloud_processing/package.dsv
[0.216s] -- Up-to-date: /home/chovy/workspace-udemy/pcl-exercise/install/point_cloud_processing/share/ament_index/resource_index/packages/point_cloud_processing
[0.218s] -- Up-to-date: /home/chovy/workspace-udemy/pcl-exercise/install/point_cloud_processing/share/point_cloud_processing/cmake/point_cloud_processingConfig.cmake
[0.220s] -- Up-to-date: /home/chovy/workspace-udemy/pcl-exercise/install/point_cloud_processing/share/point_cloud_processing/cmake/point_cloud_processingConfig-version.cmake
[0.222s] -- Up-to-date: /home/chovy/workspace-udemy/pcl-exercise/install/point_cloud_processing/share/point_cloud_processing/package.xml
[0.222s] Invoked command in '/home/chovy/workspace-udemy/pcl-exercise/build/point_cloud_processing' returned '0': CMAKE_PREFIX_PATH=${CMAKE_PREFIX_PATH}:/opt/ros/humble /usr/bin/cmake --install /home/chovy/workspace-udemy/pcl-exercise/build/point_cloud_processing
