[0.019s] Invoking command in '/home/chovy/workspace-udemy/pcl-exercise/build/point_cloud_processing': CMAKE_PREFIX_PATH=${CMAKE_PREFIX_PATH}:/opt/ros/humble /usr/bin/cmake --build /home/chovy/workspace-udemy/pcl-exercise/build/point_cloud_processing -- -j4 -l4
[0.049s] -- Found ament_cmake: 1.3.10 (/opt/ros/humble/share/ament_cmake/cmake)
[0.200s] -- Eigen found (include: /usr/include/eigen3, version: 3.4.0)
[0.249s] -- FLANN found (include: /usr/include, lib: /usr/lib/x86_64-linux-gnu/libflann_cpp.so)
[0.585s] -- OpenNI found (version: 1.5.4.0, include: /usr/include/ni, lib: /usr/lib/libOpenNI.so;libusb::libusb)
[0.593s] -- OpenNI2 found (version: 2.2.0.33, include: /usr/include/openni2, lib: /usr/lib/x86_64-linux-gnu/libOpenNI2.so;libusb::libusb)
[0.593s] [0m** WARNING ** io features related to pcap will be disabled[0m
[0.750s] -- Eigen found (include: /usr/include/eigen3, version: 3.4.0)
[0.760s] -- OpenNI found (version: 1.5.4.0, include: /usr/include/ni, lib: /usr/lib/libOpenNI.so;libusb::libusb)
[0.767s] -- OpenNI2 found (version: 2.2.0.33, include: /usr/include/openni2, lib: /usr/lib/x86_64-linux-gnu/libOpenNI2.so;libusb::libusb)
[0.910s] -- Found Qhull version 8.0.2
[1.070s] -- OpenNI found (version: 1.5.4.0, include: /usr/include/ni, lib: /usr/lib/libOpenNI.so;libusb::libusb)
[1.215s] -- looking for PCL_COMMON
[1.216s] -- looking for PCL_KDTREE
[1.216s] -- looking for PCL_OCTREE
[1.217s] -- looking for PCL_SEARCH
[1.217s] -- looking for PCL_SAMPLE_CONSENSUS
[1.218s] -- looking for PCL_FILTERS
[1.218s] -- looking for PCL_2D
[1.218s] -- looking for PCL_GEOMETRY
[1.219s] -- looking for PCL_IO
[1.219s] -- looking for PCL_FEATURES
[1.220s] -- looking for PCL_ML
[1.220s] -- looking for PCL_SEGMENTATION
[1.221s] -- looking for PCL_VISUALIZATION
[1.221s] -- looking for PCL_SURFACE
[1.222s] -- looking for PCL_REGISTRATION
[1.222s] -- looking for PCL_KEYPOINTS
[1.223s] -- looking for PCL_TRACKING
[1.224s] -- looking for PCL_RECOGNITION
[1.224s] -- looking for PCL_STEREO
[1.225s] -- looking for PCL_APPS
[1.226s] -- looking for PCL_IN_HAND_SCANNER
[1.226s] -- looking for PCL_MODELER
[1.227s] -- looking for PCL_POINT_CLOUD_EDITOR
[1.227s] -- looking for PCL_OUTOFCORE
[1.228s] -- looking for PCL_PEOPLE
[1.305s] -- Configuring done
[1.326s] -- Generating done
[1.329s] -- Build files have been written to: /home/chovy/workspace-udemy/pcl-exercise/build/point_cloud_processing
[1.365s] [35m[1mConsolidate compiler generated dependencies of target pcd_import[0m
[1.399s] [100%] Built target pcd_import
[1.415s] Invoked command in '/home/chovy/workspace-udemy/pcl-exercise/build/point_cloud_processing' returned '0': CMAKE_PREFIX_PATH=${CMAKE_PREFIX_PATH}:/opt/ros/humble /usr/bin/cmake --build /home/chovy/workspace-udemy/pcl-exercise/build/point_cloud_processing -- -j4 -l4
[1.474s] Invoking command in '/home/chovy/workspace-udemy/pcl-exercise/build/point_cloud_processing': CMAKE_PREFIX_PATH=${CMAKE_PREFIX_PATH}:/opt/ros/humble /usr/bin/cmake --install /home/chovy/workspace-udemy/pcl-exercise/build/point_cloud_processing
[1.485s] -- Install configuration: ""
[1.485s] -- Installing: /home/chovy/workspace-udemy/pcl-exercise/install/point_cloud_processing/lib/point_cloud_processing/pcd_import
[1.485s] -- Up-to-date: /home/chovy/workspace-udemy/pcl-exercise/install/point_cloud_processing/share/ament_index/resource_index/package_run_dependencies/point_cloud_processing
[1.485s] -- Up-to-date: /home/chovy/workspace-udemy/pcl-exercise/install/point_cloud_processing/share/ament_index/resource_index/parent_prefix_path/point_cloud_processing
[1.488s] -- Up-to-date: /home/chovy/workspace-udemy/pcl-exercise/install/point_cloud_processing/share/point_cloud_processing/environment/ament_prefix_path.sh
[1.488s] -- Installing: /home/chovy/workspace-udemy/pcl-exercise/install/point_cloud_processing/share/point_cloud_processing/environment/ament_prefix_path.dsv
[1.488s] -- Up-to-date: /home/chovy/workspace-udemy/pcl-exercise/install/point_cloud_processing/share/point_cloud_processing/environment/path.sh
[1.489s] -- Installing: /home/chovy/workspace-udemy/pcl-exercise/install/point_cloud_processing/share/point_cloud_processing/environment/path.dsv
[1.489s] -- Up-to-date: /home/chovy/workspace-udemy/pcl-exercise/install/point_cloud_processing/share/point_cloud_processing/local_setup.bash
[1.489s] -- Up-to-date: /home/chovy/workspace-udemy/pcl-exercise/install/point_cloud_processing/share/point_cloud_processing/local_setup.sh
[1.489s] -- Up-to-date: /home/chovy/workspace-udemy/pcl-exercise/install/point_cloud_processing/share/point_cloud_processing/local_setup.zsh
[1.490s] -- Installing: /home/chovy/workspace-udemy/pcl-exercise/install/point_cloud_processing/share/point_cloud_processing/local_setup.dsv
[1.490s] -- Installing: /home/chovy/workspace-udemy/pcl-exercise/install/point_cloud_processing/share/point_cloud_processing/package.dsv
[1.490s] -- Up-to-date: /home/chovy/workspace-udemy/pcl-exercise/install/point_cloud_processing/share/ament_index/resource_index/packages/point_cloud_processing
[1.490s] -- Up-to-date: /home/chovy/workspace-udemy/pcl-exercise/install/point_cloud_processing/share/point_cloud_processing/cmake/point_cloud_processingConfig.cmake
[1.491s] -- Up-to-date: /home/chovy/workspace-udemy/pcl-exercise/install/point_cloud_processing/share/point_cloud_processing/cmake/point_cloud_processingConfig-version.cmake
[1.491s] -- Up-to-date: /home/chovy/workspace-udemy/pcl-exercise/install/point_cloud_processing/share/point_cloud_processing/package.xml
[1.494s] Invoked command in '/home/chovy/workspace-udemy/pcl-exercise/build/point_cloud_processing' returned '0': CMAKE_PREFIX_PATH=${CMAKE_PREFIX_PATH}:/opt/ros/humble /usr/bin/cmake --install /home/chovy/workspace-udemy/pcl-exercise/build/point_cloud_processing
