[0.122s] DEBUG:colcon:Command line arguments: ['/usr/bin/colcon', 'build']
[0.122s] DEBUG:colcon:Parsed command line arguments: Namespace(log_base=None, log_level=None, verb_name='build', build_base='build', install_base='install', merge_install=False, symlink_install=False, test_result_base=None, continue_on_error=False, executor='parallel', parallel_workers=4, event_handlers=None, ignore_user_meta=False, metas=['./colcon.meta'], base_paths=['.'], packages_ignore=None, packages_ignore_regex=None, paths=None, packages_up_to=None, packages_up_to_regex=None, packages_above=None, packages_above_and_dependencies=None, packages_above_depth=None, packages_select_by_dep=None, packages_skip_by_dep=None, packages_skip_up_to=None, packages_select_build_failed=False, packages_skip_build_finished=False, packages_select_test_failures=False, packages_skip_test_passed=False, packages_select=None, packages_skip=None, packages_select_regex=None, packages_skip_regex=None, packages_start=None, packages_end=None, allow_overriding=[], cmake_args=None, cmake_target=None, cmake_target_skip_unavailable=False, cmake_clean_cache=False, cmake_clean_first=False, cmake_force_configure=False, ament_cmake_args=None, catkin_cmake_args=None, catkin_skip_building_tests=False, mixin_files=None, mixin=None, verb_parser=<colcon_mixin.mixin.mixin_argument.MixinArgumentDecorator object at 0x7b62d4111cf0>, verb_extension=<colcon_core.verb.build.BuildVerb object at 0x7b62d4110f40>, main=<bound method BuildVerb.main of <colcon_core.verb.build.BuildVerb object at 0x7b62d4110f40>>, mixin_verb=('build',))
[0.272s] Level 1:colcon.colcon_core.package_discovery:discover_packages(colcon_meta) check parameters
[0.272s] Level 1:colcon.colcon_core.package_discovery:discover_packages(recursive) check parameters
[0.272s] Level 1:colcon.colcon_core.package_discovery:discover_packages(ignore) check parameters
[0.272s] Level 1:colcon.colcon_core.package_discovery:discover_packages(path) check parameters
[0.272s] Level 1:colcon.colcon_core.package_discovery:discover_packages(colcon_meta) discover
[0.272s] Level 1:colcon.colcon_core.package_discovery:discover_packages(recursive) discover
[0.272s] INFO:colcon.colcon_core.package_discovery:Crawling recursively for packages in '/home/chovy/workspace-udemy/pcl-exercise'
[0.272s] Level 1:colcon.colcon_core.package_identification:_identify(.) by extensions ['ignore', 'ignore_ament_install']
[0.272s] Level 1:colcon.colcon_core.package_identification:_identify(.) by extension 'ignore'
[0.273s] Level 1:colcon.colcon_core.package_identification:_identify(.) by extension 'ignore_ament_install'
[0.273s] Level 1:colcon.colcon_core.package_identification:_identify(.) by extensions ['colcon_pkg']
[0.273s] Level 1:colcon.colcon_core.package_identification:_identify(.) by extension 'colcon_pkg'
[0.273s] Level 1:colcon.colcon_core.package_identification:_identify(.) by extensions ['colcon_meta']
[0.273s] Level 1:colcon.colcon_core.package_identification:_identify(.) by extension 'colcon_meta'
[0.273s] Level 1:colcon.colcon_core.package_identification:_identify(.) by extensions ['ros']
[0.273s] Level 1:colcon.colcon_core.package_identification:_identify(.) by extension 'ros'
[0.286s] Level 1:colcon.colcon_core.package_identification:_identify(.) by extensions ['cmake', 'python']
[0.286s] Level 1:colcon.colcon_core.package_identification:_identify(.) by extension 'cmake'
[0.286s] Level 1:colcon.colcon_core.package_identification:_identify(.) by extension 'python'
[0.286s] Level 1:colcon.colcon_core.package_identification:_identify(.) by extensions ['python_setup_py']
[0.286s] Level 1:colcon.colcon_core.package_identification:_identify(.) by extension 'python_setup_py'
[0.286s] Level 1:colcon.colcon_core.package_identification:_identify(build) by extensions ['ignore', 'ignore_ament_install']
[0.286s] Level 1:colcon.colcon_core.package_identification:_identify(build) by extension 'ignore'
[0.286s] Level 1:colcon.colcon_core.package_identification:_identify(build) ignored
[0.287s] Level 1:colcon.colcon_core.package_identification:_identify(install) by extensions ['ignore', 'ignore_ament_install']
[0.287s] Level 1:colcon.colcon_core.package_identification:_identify(install) by extension 'ignore'
[0.287s] Level 1:colcon.colcon_core.package_identification:_identify(install) ignored
[0.287s] Level 1:colcon.colcon_core.package_identification:_identify(log) by extensions ['ignore', 'ignore_ament_install']
[0.287s] Level 1:colcon.colcon_core.package_identification:_identify(log) by extension 'ignore'
[0.287s] Level 1:colcon.colcon_core.package_identification:_identify(log) ignored
[0.287s] Level 1:colcon.colcon_core.package_identification:_identify(src) by extensions ['ignore', 'ignore_ament_install']
[0.287s] Level 1:colcon.colcon_core.package_identification:_identify(src) by extension 'ignore'
[0.288s] Level 1:colcon.colcon_core.package_identification:_identify(src) by extension 'ignore_ament_install'
[0.288s] Level 1:colcon.colcon_core.package_identification:_identify(src) by extensions ['colcon_pkg']
[0.288s] Level 1:colcon.colcon_core.package_identification:_identify(src) by extension 'colcon_pkg'
[0.288s] Level 1:colcon.colcon_core.package_identification:_identify(src) by extensions ['colcon_meta']
[0.289s] Level 1:colcon.colcon_core.package_identification:_identify(src) by extension 'colcon_meta'
[0.289s] Level 1:colcon.colcon_core.package_identification:_identify(src) by extensions ['ros']
[0.289s] Level 1:colcon.colcon_core.package_identification:_identify(src) by extension 'ros'
[0.289s] Level 1:colcon.colcon_core.package_identification:_identify(src) by extensions ['cmake', 'python']
[0.289s] Level 1:colcon.colcon_core.package_identification:_identify(src) by extension 'cmake'
[0.289s] Level 1:colcon.colcon_core.package_identification:_identify(src) by extension 'python'
[0.290s] Level 1:colcon.colcon_core.package_identification:_identify(src) by extensions ['python_setup_py']
[0.290s] Level 1:colcon.colcon_core.package_identification:_identify(src) by extension 'python_setup_py'
[0.290s] Level 1:colcon.colcon_core.package_identification:_identify(src/point_cloud_processing) by extensions ['ignore', 'ignore_ament_install']
[0.290s] Level 1:colcon.colcon_core.package_identification:_identify(src/point_cloud_processing) by extension 'ignore'
[0.290s] Level 1:colcon.colcon_core.package_identification:_identify(src/point_cloud_processing) by extension 'ignore_ament_install'
[0.290s] Level 1:colcon.colcon_core.package_identification:_identify(src/point_cloud_processing) by extensions ['colcon_pkg']
[0.290s] Level 1:colcon.colcon_core.package_identification:_identify(src/point_cloud_processing) by extension 'colcon_pkg'
[0.290s] Level 1:colcon.colcon_core.package_identification:_identify(src/point_cloud_processing) by extensions ['colcon_meta']
[0.290s] Level 1:colcon.colcon_core.package_identification:_identify(src/point_cloud_processing) by extension 'colcon_meta'
[0.290s] Level 1:colcon.colcon_core.package_identification:_identify(src/point_cloud_processing) by extensions ['ros']
[0.290s] Level 1:colcon.colcon_core.package_identification:_identify(src/point_cloud_processing) by extension 'ros'
[0.293s] DEBUG:colcon.colcon_core.package_identification:Package 'src/point_cloud_processing' with type 'ros.ament_cmake' and name 'point_cloud_processing'
[0.293s] Level 1:colcon.colcon_core.package_discovery:discover_packages(recursive) using defaults
[0.293s] Level 1:colcon.colcon_core.package_discovery:discover_packages(ignore) discover
[0.293s] Level 1:colcon.colcon_core.package_discovery:discover_packages(ignore) using defaults
[0.293s] Level 1:colcon.colcon_core.package_discovery:discover_packages(path) discover
[0.293s] Level 1:colcon.colcon_core.package_discovery:discover_packages(path) using defaults
[0.316s] Level 1:colcon.colcon_core.package_discovery:discover_packages(prefix_path) check parameters
[0.316s] Level 1:colcon.colcon_core.package_discovery:discover_packages(prefix_path) discover
[0.319s] DEBUG:colcon.colcon_installed_package_information.package_discovery:Found 1 installed packages in /home/chovy/workspace-udemy/pcl-exercise/install
[0.319s] Level 1:colcon.colcon_core.package_discovery:discover_packages(prefix_path) using defaults
[0.321s] Level 5:colcon.colcon_core.verb:set package 'point_cloud_processing' build argument 'cmake_args' from command line to 'None'
[0.322s] Level 5:colcon.colcon_core.verb:set package 'point_cloud_processing' build argument 'cmake_target' from command line to 'None'
[0.322s] Level 5:colcon.colcon_core.verb:set package 'point_cloud_processing' build argument 'cmake_target_skip_unavailable' from command line to 'False'
[0.322s] Level 5:colcon.colcon_core.verb:set package 'point_cloud_processing' build argument 'cmake_clean_cache' from command line to 'False'
[0.322s] Level 5:colcon.colcon_core.verb:set package 'point_cloud_processing' build argument 'cmake_clean_first' from command line to 'False'
[0.322s] Level 5:colcon.colcon_core.verb:set package 'point_cloud_processing' build argument 'cmake_force_configure' from command line to 'False'
[0.322s] Level 5:colcon.colcon_core.verb:set package 'point_cloud_processing' build argument 'ament_cmake_args' from command line to 'None'
[0.322s] Level 5:colcon.colcon_core.verb:set package 'point_cloud_processing' build argument 'catkin_cmake_args' from command line to 'None'
[0.322s] Level 5:colcon.colcon_core.verb:set package 'point_cloud_processing' build argument 'catkin_skip_building_tests' from command line to 'False'
[0.322s] DEBUG:colcon.colcon_core.verb:Building package 'point_cloud_processing' with the following arguments: {'ament_cmake_args': None, 'build_base': '/home/chovy/workspace-udemy/pcl-exercise/build/point_cloud_processing', 'catkin_cmake_args': None, 'catkin_skip_building_tests': False, 'cmake_args': None, 'cmake_clean_cache': False, 'cmake_clean_first': False, 'cmake_force_configure': False, 'cmake_target': None, 'cmake_target_skip_unavailable': False, 'install_base': '/home/chovy/workspace-udemy/pcl-exercise/install/point_cloud_processing', 'merge_install': False, 'path': '/home/chovy/workspace-udemy/pcl-exercise/src/point_cloud_processing', 'symlink_install': False, 'test_result_base': None}
[0.322s] INFO:colcon.colcon_core.executor:Executing jobs using 'parallel' executor
[0.324s] DEBUG:colcon.colcon_parallel_executor.executor.parallel:run_until_complete
[0.324s] INFO:colcon.colcon_ros.task.ament_cmake.build:Building ROS package in '/home/chovy/workspace-udemy/pcl-exercise/src/point_cloud_processing' with build type 'ament_cmake'
[0.325s] INFO:colcon.colcon_cmake.task.cmake.build:Building CMake package in '/home/chovy/workspace-udemy/pcl-exercise/src/point_cloud_processing'
[0.327s] INFO:colcon.colcon_core.plugin_system:Skipping extension 'colcon_core.shell.bat': Not used on non-Windows systems
[0.327s] INFO:colcon.colcon_core.shell:Skip shell extension 'powershell' for command environment: Not usable outside of PowerShell
[0.327s] DEBUG:colcon.colcon_core.shell:Skip shell extension 'dsv' for command environment
[0.344s] DEBUG:colcon.colcon_core.event_handler.log_command:Invoking command in '/home/chovy/workspace-udemy/pcl-exercise/build/point_cloud_processing': /usr/bin/cmake --build /home/chovy/workspace-udemy/pcl-exercise/build/point_cloud_processing -- -j4 -l4
[0.542s] DEBUG:colcon.colcon_core.event_handler.log_command:Invoked command in '/home/chovy/workspace-udemy/pcl-exercise/build/point_cloud_processing' returned '2': /usr/bin/cmake --build /home/chovy/workspace-udemy/pcl-exercise/build/point_cloud_processing -- -j4 -l4
[0.601s] Level 1:colcon.colcon_core.environment:create_environment_scripts_only(point_cloud_processing)
[0.603s] Level 1:colcon.colcon_core.environment:checking '/home/chovy/workspace-udemy/pcl-exercise/install/point_cloud_processing' for CMake module files
[0.603s] Level 1:colcon.colcon_core.environment:checking '/home/chovy/workspace-udemy/pcl-exercise/install/point_cloud_processing' for CMake config files
[0.603s] Level 1:colcon.colcon_core.shell:create_environment_hook('point_cloud_processing', 'cmake_prefix_path')
[0.604s] INFO:colcon.colcon_core.shell:Creating environment hook '/home/chovy/workspace-udemy/pcl-exercise/install/point_cloud_processing/share/point_cloud_processing/hook/cmake_prefix_path.ps1'
[0.604s] INFO:colcon.colcon_core.shell:Creating environment descriptor '/home/chovy/workspace-udemy/pcl-exercise/install/point_cloud_processing/share/point_cloud_processing/hook/cmake_prefix_path.dsv'
[0.606s] INFO:colcon.colcon_core.shell:Creating environment hook '/home/chovy/workspace-udemy/pcl-exercise/install/point_cloud_processing/share/point_cloud_processing/hook/cmake_prefix_path.sh'
[0.607s] Level 1:colcon.colcon_core.environment:checking '/home/chovy/workspace-udemy/pcl-exercise/install/point_cloud_processing/lib'
[0.608s] Level 1:colcon.colcon_core.environment:checking '/home/chovy/workspace-udemy/pcl-exercise/install/point_cloud_processing/bin'
[0.608s] Level 1:colcon.colcon_core.environment:checking '/home/chovy/workspace-udemy/pcl-exercise/install/point_cloud_processing/lib/pkgconfig/point_cloud_processing.pc'
[0.609s] Level 1:colcon.colcon_core.environment:checking '/home/chovy/workspace-udemy/pcl-exercise/install/point_cloud_processing/lib/python3.10/site-packages'
[0.609s] Level 1:colcon.colcon_core.environment:checking '/home/chovy/workspace-udemy/pcl-exercise/install/point_cloud_processing/bin'
[0.610s] INFO:colcon.colcon_core.shell:Creating package script '/home/chovy/workspace-udemy/pcl-exercise/install/point_cloud_processing/share/point_cloud_processing/package.ps1'
[0.612s] INFO:colcon.colcon_core.shell:Creating package descriptor '/home/chovy/workspace-udemy/pcl-exercise/install/point_cloud_processing/share/point_cloud_processing/package.dsv'
[0.613s] INFO:colcon.colcon_core.shell:Creating package script '/home/chovy/workspace-udemy/pcl-exercise/install/point_cloud_processing/share/point_cloud_processing/package.sh'
[0.615s] INFO:colcon.colcon_core.shell:Creating package script '/home/chovy/workspace-udemy/pcl-exercise/install/point_cloud_processing/share/point_cloud_processing/package.bash'
[0.616s] INFO:colcon.colcon_core.shell:Creating package script '/home/chovy/workspace-udemy/pcl-exercise/install/point_cloud_processing/share/point_cloud_processing/package.zsh'
[0.617s] Level 1:colcon.colcon_core.environment:create_file_with_runtime_dependencies(/home/chovy/workspace-udemy/pcl-exercise/install/point_cloud_processing/share/colcon-core/packages/point_cloud_processing)
[0.653s] DEBUG:colcon.colcon_parallel_executor.executor.parallel:closing loop
[0.655s] DEBUG:colcon.colcon_parallel_executor.executor.parallel:loop closed
[0.657s] DEBUG:colcon.colcon_parallel_executor.executor.parallel:run_until_complete finished with '2'
[0.657s] DEBUG:colcon.colcon_core.event_reactor:joining thread
[0.666s] INFO:colcon.colcon_core.plugin_system:Skipping extension 'colcon_notification.desktop_notification.terminal_notifier': Not used on non-Darwin systems
[0.666s] INFO:colcon.colcon_core.plugin_system:Skipping extension 'colcon_notification.desktop_notification.win32': Not used on non-Windows systems
[0.666s] INFO:colcon.colcon_notification.desktop_notification:Sending desktop notification using 'notify2'
[0.682s] DEBUG:colcon.colcon_core.event_reactor:joined thread
[0.682s] INFO:colcon.colcon_core.shell:Creating prefix script '/home/chovy/workspace-udemy/pcl-exercise/install/local_setup.ps1'
[0.685s] INFO:colcon.colcon_core.shell:Creating prefix util module '/home/chovy/workspace-udemy/pcl-exercise/install/_local_setup_util_ps1.py'
[0.687s] INFO:colcon.colcon_core.shell:Creating prefix chain script '/home/chovy/workspace-udemy/pcl-exercise/install/setup.ps1'
[0.689s] INFO:colcon.colcon_core.shell:Creating prefix script '/home/chovy/workspace-udemy/pcl-exercise/install/local_setup.sh'
[0.690s] INFO:colcon.colcon_core.shell:Creating prefix util module '/home/chovy/workspace-udemy/pcl-exercise/install/_local_setup_util_sh.py'
[0.691s] INFO:colcon.colcon_core.shell:Creating prefix chain script '/home/chovy/workspace-udemy/pcl-exercise/install/setup.sh'
[0.693s] INFO:colcon.colcon_core.shell:Creating prefix script '/home/chovy/workspace-udemy/pcl-exercise/install/local_setup.bash'
[0.695s] INFO:colcon.colcon_core.shell:Creating prefix chain script '/home/chovy/workspace-udemy/pcl-exercise/install/setup.bash'
[0.696s] INFO:colcon.colcon_core.shell:Creating prefix script '/home/chovy/workspace-udemy/pcl-exercise/install/local_setup.zsh'
[0.698s] INFO:colcon.colcon_core.shell:Creating prefix chain script '/home/chovy/workspace-udemy/pcl-exercise/install/setup.zsh'
