[0.025s] Invoking command in '/home/chovy/workspace-udemy/pcl-exercise/build/point_cloud_processing': CMAKE_PREFIX_PATH=${CMAKE_PREFIX_PATH}:/opt/ros/humble /usr/bin/cmake --build /home/chovy/workspace-udemy/pcl-exercise/build/point_cloud_processing -- -j4 -l4
[0.089s] [35m[1mConsolidate compiler generated dependencies of target plane_cloud[0m
[0.116s] [ 50%] Built target pcd_import
[0.123s] [ 75%] [32mBuilding CXX object CMakeFiles/plane_cloud.dir/src/1_planner_cloud.cpp.o[0m
[5.206s] [100%] [32m[1mLinking CXX executable plane_cloud[0m
[5.849s] [100%] Built target plane_cloud
[5.865s] Invoked command in '/home/chovy/workspace-udemy/pcl-exercise/build/point_cloud_processing' returned '0': CMAKE_PREFIX_PATH=${CMAKE_PREFIX_PATH}:/opt/ros/humble /usr/bin/cmake --build /home/chovy/workspace-udemy/pcl-exercise/build/point_cloud_processing -- -j4 -l4
[5.937s] Invoking command in '/home/chovy/workspace-udemy/pcl-exercise/build/point_cloud_processing': CMAKE_PREFIX_PATH=${CMAKE_PREFIX_PATH}:/opt/ros/humble /usr/bin/cmake --install /home/chovy/workspace-udemy/pcl-exercise/build/point_cloud_processing
[5.950s] -- Install configuration: ""
[5.952s] -- Up-to-date: /home/chovy/workspace-udemy/pcl-exercise/install/point_cloud_processing/lib/point_cloud_processing/pcd_import
[5.953s] -- Installing: /home/chovy/workspace-udemy/pcl-exercise/install/point_cloud_processing/lib/point_cloud_processing/plane_cloud
[5.953s] -- Up-to-date: /home/chovy/workspace-udemy/pcl-exercise/install/point_cloud_processing/share/ament_index/resource_index/package_run_dependencies/point_cloud_processing
[5.954s] -- Installing: /home/chovy/workspace-udemy/pcl-exercise/install/point_cloud_processing/share/ament_index/resource_index/parent_prefix_path/point_cloud_processing
[5.956s] -- Up-to-date: /home/chovy/workspace-udemy/pcl-exercise/install/point_cloud_processing/share/point_cloud_processing/environment/ament_prefix_path.sh
[5.956s] -- Installing: /home/chovy/workspace-udemy/pcl-exercise/install/point_cloud_processing/share/point_cloud_processing/environment/ament_prefix_path.dsv
[5.961s] -- Up-to-date: /home/chovy/workspace-udemy/pcl-exercise/install/point_cloud_processing/share/point_cloud_processing/environment/path.sh
[5.961s] -- Installing: /home/chovy/workspace-udemy/pcl-exercise/install/point_cloud_processing/share/point_cloud_processing/environment/path.dsv
[5.961s] -- Up-to-date: /home/chovy/workspace-udemy/pcl-exercise/install/point_cloud_processing/share/point_cloud_processing/local_setup.bash
[5.961s] -- Up-to-date: /home/chovy/workspace-udemy/pcl-exercise/install/point_cloud_processing/share/point_cloud_processing/local_setup.sh
[5.961s] -- Up-to-date: /home/chovy/workspace-udemy/pcl-exercise/install/point_cloud_processing/share/point_cloud_processing/local_setup.zsh
[5.961s] -- Installing: /home/chovy/workspace-udemy/pcl-exercise/install/point_cloud_processing/share/point_cloud_processing/local_setup.dsv
[5.961s] -- Installing: /home/chovy/workspace-udemy/pcl-exercise/install/point_cloud_processing/share/point_cloud_processing/package.dsv
[5.961s] -- Up-to-date: /home/chovy/workspace-udemy/pcl-exercise/install/point_cloud_processing/share/ament_index/resource_index/packages/point_cloud_processing
[5.961s] -- Up-to-date: /home/chovy/workspace-udemy/pcl-exercise/install/point_cloud_processing/share/point_cloud_processing/cmake/point_cloud_processingConfig.cmake
[5.961s] -- Up-to-date: /home/chovy/workspace-udemy/pcl-exercise/install/point_cloud_processing/share/point_cloud_processing/cmake/point_cloud_processingConfig-version.cmake
[5.961s] -- Up-to-date: /home/chovy/workspace-udemy/pcl-exercise/install/point_cloud_processing/share/point_cloud_processing/package.xml
[5.965s] Invoked command in '/home/chovy/workspace-udemy/pcl-exercise/build/point_cloud_processing' returned '0': CMAKE_PREFIX_PATH=${CMAKE_PREFIX_PATH}:/opt/ros/humble /usr/bin/cmake --install /home/chovy/workspace-udemy/pcl-exercise/build/point_cloud_processing
