-- Found ament_cmake: 1.3.10 (/opt/ros/humble/share/ament_cmake/cmake)
-- Eigen found (include: /usr/include/eigen3, version: 3.4.0)
-- FLANN found (include: /usr/include, lib: /usr/lib/x86_64-linux-gnu/libflann_cpp.so)
-- OpenNI found (version: 1.5.4.0, include: /usr/include/ni, lib: /usr/lib/libOpenNI.so;libusb::libusb)
-- OpenNI2 found (version: 2.2.0.33, include: /usr/include/openni2, lib: /usr/lib/x86_64-linux-gnu/libOpenNI2.so;libusb::libusb)
[0m** WARNING ** io features related to pcap will be disabled[0m
-- Eigen found (include: /usr/include/eigen3, version: 3.4.0)
-- OpenNI found (version: 1.5.4.0, include: /usr/include/ni, lib: /usr/lib/libOpenNI.so;libusb::libusb)
-- OpenNI2 found (version: 2.2.0.33, include: /usr/include/openni2, lib: /usr/lib/x86_64-linux-gnu/libOpenNI2.so;libusb::libusb)
-- Found Qhull version 8.0.2
-- OpenNI found (version: 1.5.4.0, include: /usr/include/ni, lib: /usr/lib/libOpenNI.so;libusb::libusb)
-- looking for PCL_COMMON
-- looking for PCL_KDTREE
-- looking for PCL_OCTREE
-- looking for PCL_SEARCH
-- looking for PCL_SAMPLE_CONSENSUS
-- looking for PCL_FILTERS
-- looking for PCL_2D
-- looking for PCL_GEOMETRY
-- looking for PCL_IO
-- looking for PCL_FEATURES
-- looking for PCL_ML
-- looking for PCL_SEGMENTATION
-- looking for PCL_VISUALIZATION
-- looking for PCL_SURFACE
-- looking for PCL_REGISTRATION
-- looking for PCL_KEYPOINTS
-- looking for PCL_TRACKING
-- looking for PCL_RECOGNITION
-- looking for PCL_STEREO
-- looking for PCL_APPS
-- looking for PCL_IN_HAND_SCANNER
-- looking for PCL_MODELER
-- looking for PCL_POINT_CLOUD_EDITOR
-- looking for PCL_OUTOFCORE
-- looking for PCL_PEOPLE
-- Configuring done
-- Generating done
-- Build files have been written to: /home/chovy/workspace-udemy/pcl-exercise/build/point_cloud_processing
[35m[1mConsolidate compiler generated dependencies of target pcd_import[0m
[ 25%] [32mBuilding CXX object CMakeFiles/plane_cloud.dir/src/1_planner_cloud.cpp.o[0m
[ 75%] Built target pcd_import
[01m[K/home/chovy/workspace-udemy/pcl-exercise/src/point_cloud_processing/src/1_planner_cloud.cpp:[m[K In function ‘[01m[Kint main()[m[K’:
[01m[K/home/chovy/workspace-udemy/pcl-exercise/src/point_cloud_processing/src/1_planner_cloud.cpp:7:9:[m[K [01;31m[Kerror: [m[K‘[01m[KPointCloud[m[K’ was not declared in this scope; did you mean ‘[01m[Kpcl::PointCloud[m[K’?
    7 |     pcl:[01;31m[KPointCloud[m[K<pcl::PointXYZ> cloud;
      |         [01;31m[K^~~~~~~~~~[m[K
      |         [32m[Kpcl::PointCloud[m[K
In file included from [01m[K/usr/include/pcl-1.12/pcl/io/pcd_io.h:44[m[K,
                 from [01m[K/home/chovy/workspace-udemy/pcl-exercise/src/point_cloud_processing/src/1_planner_cloud.cpp:3[m[K:
[01m[K/usr/include/pcl-1.12/pcl/point_cloud.h:71:36:[m[K [01;36m[Knote: [m[K‘[01m[Kpcl::PointCloud[m[K’ declared here
   71 |   template <typename PointT> class [01;36m[KPointCloud[m[K;
      |                                    [01;36m[K^~~~~~~~~~[m[K
[01m[K/home/chovy/workspace-udemy/pcl-exercise/src/point_cloud_processing/src/1_planner_cloud.cpp:7:33:[m[K [01;31m[Kerror: [m[Kexpected primary-expression before ‘[01m[K>[m[K’ token
    7 |     pcl:PointCloud<pcl::PointXYZ[01;31m[K>[m[K cloud;
      |                                 [01;31m[K^[m[K
[01m[K/home/chovy/workspace-udemy/pcl-exercise/src/point_cloud_processing/src/1_planner_cloud.cpp:7:35:[m[K [01;31m[Kerror: [m[K‘[01m[Kcloud[m[K’ was not declared in this scope
    7 |     pcl:PointCloud<pcl::PointXYZ> [01;31m[Kcloud[m[K;
      |                                   [01;31m[K^~~~~[m[K
[01m[K/home/chovy/workspace-udemy/pcl-exercise/src/point_cloud_processing/src/1_planner_cloud.cpp:15:14:[m[K [01;31m[Kerror: [m[K‘[01m[Kstd::filesystem[m[K’ has not been declared
   15 |         std::[01;31m[Kfilesystem[m[K::path current_path    = std::filesystem::current_path();
      |              [01;31m[K^~~~~~~~~~[m[K
[01m[K/home/chovy/workspace-udemy/pcl-exercise/src/point_cloud_processing/src/1_planner_cloud.cpp:16:10:[m[K [01;31m[Kerror: [m[K‘[01m[Kstd::filesystem[m[K’ has not been declared
   16 |     std::[01;31m[Kfilesystem[m[K::path point_cloud_dir = current_path/"src/point_cloud_processing/point_clouds/";
      |          [01;31m[K^~~~~~~~~~[m[K
[01m[K/home/chovy/workspace-udemy/pcl-exercise/src/point_cloud_processing/src/1_planner_cloud.cpp:17:45:[m[K [01;31m[Kerror: [m[K‘[01m[Kpoint_cloud_dir[m[K’ was not declared in this scope
   17 |     std::string pcd_file_path             = [01;31m[Kpoint_cloud_dir[m[K/pcd_file_name;
      |                                             [01;31m[K^~~~~~~~~~~~~~~[m[K
[01m[K/home/chovy/workspace-udemy/pcl-exercise/src/point_cloud_processing/src/1_planner_cloud.cpp:7:5:[m[K [01;35m[Kwarning: [m[Klabel ‘[01m[Kpcl[m[K’ defined but not used [[01;35m[K]8;;https://gcc.gnu.org/onlinedocs/gcc/Warning-Options.html#index-Wunused-label-Wunused-label]8;;[m[K]
    7 |     [01;35m[Kpcl[m[K:PointCloud<pcl::PointXYZ> cloud;
      |     [01;35m[K^~~[m[K
gmake[2]: *** [CMakeFiles/plane_cloud.dir/build.make:76: CMakeFiles/plane_cloud.dir/src/1_planner_cloud.cpp.o] Error 1
gmake[1]: *** [CMakeFiles/Makefile2:165: CMakeFiles/plane_cloud.dir/all] Error 2
gmake: *** [Makefile:146: all] Error 2
